Change Component Designator: Old Designator=C28 New Designator=C41
Change Component Designator: Old Designator=C29 New Designator=C42
Change Component Designator: Old Designator=C30 New Designator=C43
Change Component Designator: Old Designator=C31 New Designator=C44
Change Component Designator: Old Designator=C32 New Designator=C45
Change Component Designator: Old Designator=C33 New Designator=C48
Change Component Designator: Old Designator=C34 New Designator=C49
Change Component Designator: Old Designator=C35 New Designator=C50
Change Component Designator: Old Designator=C36 New Designator=C51
Change Component Designator: Old Designator=C86 New Designator=C46
Change Component Designator: Old Designator=C87 New Designator=C47
Change Component Designator: Old Designator=D8 New Designator=D9
Change Component Designator: Old Designator=D9 New Designator=D10
Change Component Designator: Old Designator=D10 New Designator=D8
Change Component Designator: Old Designator=J7 New Designator=J6
Change Component Designator: Old Designator=LED5 New Designator=LED7
Change Component Designator: Old Designator=LED6 New Designator=LED8
Change Component Designator: Old Designator=R49 New Designator=R54
Change Component Designator: Old Designator=R50 New Designator=R55
Change Component Designator: Old Designator=R51 New Designator=R56
Change Component Designator: Old Designator=R52 New Designator=R57
Change Component Designator: Old Designator=R53 New Designator=R58
Change Component Designator: Old Designator=R54 New Designator=R59
Change Component Designator: Old Designator=R55 New Designator=R62
Change Component Designator: Old Designator=R108 New Designator=R60
Change Component Designator: Old Designator=R109 New Designator=R61
Change Component Designator: Old Designator=U4 New Designator=U8
Change Component Designator: Old Designator=U5 New Designator=U9
