Change Component Physical Designator: Old Designator=C61_U_Sensor_Frontend1 New Designator=C61
Change Component Physical Designator: Old Designator=C61_U_Sensor_Frontend2 New Designator=C64
Change Component Physical Designator: Old Designator=C61_U_Sensor_Frontend3 New Designator=C67
Change Component Physical Designator: Old Designator=C62_U_Sensor_Frontend1 New Designator=C62
Change Component Physical Designator: Old Designator=C62_U_Sensor_Frontend2 New Designator=C65
Change Component Physical Designator: Old Designator=C62_U_Sensor_Frontend3 New Designator=C68
Change Component Physical Designator: Old Designator=C63_U_Sensor_Frontend1 New Designator=C63
Change Component Physical Designator: Old Designator=C63_U_Sensor_Frontend2 New Designator=C66
Change Component Physical Designator: Old Designator=C63_U_Sensor_Frontend3 New Designator=C69
Change Component Physical Designator: Old Designator=C64_U_Amplifier1 New Designator=C70
Change Component Physical Designator: Old Designator=C64_U_Amplifier2 New Designator=C75
Change Component Physical Designator: Old Designator=C64_U_Amplifier3 New Designator=C80
Change Component Physical Designator: Old Designator=C65_U_Amplifier1 New Designator=C71
Change Component Physical Designator: Old Designator=C65_U_Amplifier2 New Designator=C76
Change Component Physical Designator: Old Designator=C65_U_Amplifier3 New Designator=C81
Change Component Physical Designator: Old Designator=C66_U_Amplifier1 New Designator=C72
Change Component Physical Designator: Old Designator=C66_U_Amplifier2 New Designator=C77
Change Component Physical Designator: Old Designator=C66_U_Amplifier3 New Designator=C82
Change Component Physical Designator: Old Designator=C67_U_Amplifier1 New Designator=C73
Change Component Physical Designator: Old Designator=C67_U_Amplifier2 New Designator=C78
Change Component Physical Designator: Old Designator=C67_U_Amplifier3 New Designator=C83
Change Component Physical Designator: Old Designator=C68_U_Amplifier1 New Designator=C74
Change Component Physical Designator: Old Designator=C68_U_Amplifier2 New Designator=C79
Change Component Physical Designator: Old Designator=C68_U_Amplifier3 New Designator=C84
Change Component Physical Designator: Old Designator=C69_U_Comparator1 New Designator=C85
Change Component Physical Designator: Old Designator=C69_U_Comparator2 New Designator=C88
Change Component Physical Designator: Old Designator=C69_U_Comparator3 New Designator=C91
Change Component Physical Designator: Old Designator=C70_U_Comparator1 New Designator=C86
Change Component Physical Designator: Old Designator=C70_U_Comparator2 New Designator=C89
Change Component Physical Designator: Old Designator=C70_U_Comparator3 New Designator=C92
Change Component Physical Designator: Old Designator=C71_U_Comparator1 New Designator=C87
Change Component Physical Designator: Old Designator=C71_U_Comparator2 New Designator=C90
Change Component Physical Designator: Old Designator=C71_U_Comparator3 New Designator=C93
Change Component Physical Designator: Old Designator=J7_U_Sensor_Frontend1 New Designator=J7
Change Component Physical Designator: Old Designator=J7_U_Sensor_Frontend2 New Designator=J8
Change Component Physical Designator: Old Designator=J7_U_Sensor_Frontend3 New Designator=J9
Change Component Physical Designator: Old Designator=K New Designator=K2
Change Component Physical Designator: Old Designator=R70_U_Sensor_Frontend1 New Designator=R70
Change Component Physical Designator: Old Designator=R70_U_Sensor_Frontend2 New Designator=R73
Change Component Physical Designator: Old Designator=R70_U_Sensor_Frontend3 New Designator=R76
Change Component Physical Designator: Old Designator=R71_U_Sensor_Frontend1 New Designator=R71
Change Component Physical Designator: Old Designator=R71_U_Sensor_Frontend2 New Designator=R74
Change Component Physical Designator: Old Designator=R71_U_Sensor_Frontend3 New Designator=R77
Change Component Physical Designator: Old Designator=R72_U_Sensor_Frontend1 New Designator=R72
Change Component Physical Designator: Old Designator=R72_U_Sensor_Frontend2 New Designator=R75
Change Component Physical Designator: Old Designator=R72_U_Sensor_Frontend3 New Designator=R78
Change Component Physical Designator: Old Designator=R73_U_Amplifier1 New Designator=R79
Change Component Physical Designator: Old Designator=R73_U_Amplifier2 New Designator=R86
Change Component Physical Designator: Old Designator=R73_U_Amplifier3 New Designator=R93
Change Component Physical Designator: Old Designator=R74_U_Amplifier1 New Designator=R80
Change Component Physical Designator: Old Designator=R74_U_Amplifier2 New Designator=R87
Change Component Physical Designator: Old Designator=R74_U_Amplifier3 New Designator=R94
Change Component Physical Designator: Old Designator=R75_U_Amplifier1 New Designator=R81
Change Component Physical Designator: Old Designator=R75_U_Amplifier2 New Designator=R88
Change Component Physical Designator: Old Designator=R75_U_Amplifier3 New Designator=R95
Change Component Physical Designator: Old Designator=R76_U_Amplifier1 New Designator=R82
Change Component Physical Designator: Old Designator=R76_U_Amplifier2 New Designator=R89
Change Component Physical Designator: Old Designator=R76_U_Amplifier3 New Designator=R96
Change Component Physical Designator: Old Designator=R77_U_Amplifier1 New Designator=R83
Change Component Physical Designator: Old Designator=R77_U_Amplifier2 New Designator=R90
Change Component Physical Designator: Old Designator=R77_U_Amplifier3 New Designator=R97
Change Component Physical Designator: Old Designator=R78_U_Amplifier1 New Designator=R84
Change Component Physical Designator: Old Designator=R78_U_Amplifier2 New Designator=R91
Change Component Physical Designator: Old Designator=R78_U_Amplifier3 New Designator=R98
Change Component Physical Designator: Old Designator=R79_U_Amplifier1 New Designator=R85
Change Component Physical Designator: Old Designator=R79_U_Amplifier2 New Designator=R92
Change Component Physical Designator: Old Designator=R79_U_Amplifier3 New Designator=R99
Change Component Physical Designator: Old Designator=R80_U_Comparator1 New Designator=R100
Change Component Physical Designator: Old Designator=R80_U_Comparator2 New Designator=R102
Change Component Physical Designator: Old Designator=R80_U_Comparator3 New Designator=R104
Change Component Physical Designator: Old Designator=R81_U_Comparator1 New Designator=R101
Change Component Physical Designator: Old Designator=R81_U_Comparator2 New Designator=R103
Change Component Physical Designator: Old Designator=R81_U_Comparator3 New Designator=R105
Change Component Physical Designator: Old Designator=U7_U_Amplifier1 New Designator=U7
Change Component Physical Designator: Old Designator=U7_U_Amplifier2 New Designator=U8
Change Component Physical Designator: Old Designator=U7_U_Amplifier3 New Designator=U9
Change Component Physical Designator: Old Designator=U8_U_Comparator1 New Designator=U10
Change Component Physical Designator: Old Designator=U8_U_Comparator2 New Designator=U11
Change Component Physical Designator: Old Designator=U8_U_Comparator3 New Designator=U12
Change Component Physical Designator: Old Designator=Y New Designator=Y2
