Change Component Designator: OldDesignator=C61 NewDesignator=C55
Change Component Designator: OldDesignator=C62 NewDesignator=C56
Change Component Designator: OldDesignator=C63 NewDesignator=C57
Change Component Designator: OldDesignator=C64 NewDesignator=C58
Change Component Designator: OldDesignator=C65 NewDesignator=C59
Change Component Designator: OldDesignator=C66 NewDesignator=C60
Change Component Designator: OldDesignator=C94 NewDesignator=C61_U_Sensor_Frontend2
Change Component Designator: OldDesignator=C95 NewDesignator=C62_U_Sensor_Frontend2
Change Component Designator: OldDesignator=C96 NewDesignator=C63_U_Sensor_Frontend2
Change Component Designator: OldDesignator=C97 NewDesignator=C61_U_Sensor_Frontend3
Change Component Designator: OldDesignator=C98 NewDesignator=C62_U_Sensor_Frontend3
Change Component Designator: OldDesignator=C99 NewDesignator=C63_U_Sensor_Frontend3
Change Component Designator: OldDesignator=J6 NewDesignator=J6_U_Sensor_Frontend2
Change Component Designator: OldDesignator=J7 NewDesignator=J6_U_Sensor_Frontend3
Change Component Designator: OldDesignator=L7 NewDesignator=L6
Change Component Designator: OldDesignator=Q6 NewDesignator=Q1_U_Sensor_Frontend1
Change Component Designator: OldDesignator=Q7 NewDesignator=Q6_U_Sensor_Frontend1
Change Component Designator: OldDesignator=Q8 NewDesignator=Q1_U_Sensor_Frontend2
Change Component Designator: OldDesignator=Q9 NewDesignator=Q6_U_Sensor_Frontend2
Change Component Designator: OldDesignator=Q10 NewDesignator=Q1_U_Sensor_Frontend3
Change Component Designator: OldDesignator=Q11 NewDesignator=Q6_U_Sensor_Frontend3
Change Component Designator: OldDesignator=R72 NewDesignator=R84
Change Component Designator: OldDesignator=R73 NewDesignator=R85
Change Component Designator: OldDesignator=R74 NewDesignator=R86
Change Component Designator: OldDesignator=R75 NewDesignator=R87
Change Component Designator: OldDesignator=R76 NewDesignator=R88
Change Component Designator: OldDesignator=R77 NewDesignator=R89
Change Component Designator: OldDesignator=R108 NewDesignator=R90_U_Sensor_Frontend1
Change Component Designator: OldDesignator=R109 NewDesignator=R91_U_Sensor_Frontend1
Change Component Designator: OldDesignator=R110 NewDesignator=R92_U_Sensor_Frontend1
Change Component Designator: OldDesignator=R111 NewDesignator=R93
Change Component Designator: OldDesignator=R112 NewDesignator=R94
Change Component Designator: OldDesignator=R113 NewDesignator=R66
Change Component Designator: OldDesignator=R114 NewDesignator=R67
Change Component Designator: OldDesignator=R115 NewDesignator=R68
Change Component Designator: OldDesignator=R116 NewDesignator=R69
Change Component Designator: OldDesignator=R117 NewDesignator=R70
Change Component Designator: OldDesignator=R118 NewDesignator=R71
Change Component Designator: OldDesignator=R119 NewDesignator=R90_U_Sensor_Frontend2
Change Component Designator: OldDesignator=R120 NewDesignator=R91_U_Sensor_Frontend2
Change Component Designator: OldDesignator=R121 NewDesignator=R92_U_Sensor_Frontend2
Change Component Designator: OldDesignator=R122 NewDesignator=R72_U_Sensor_Frontend2
Change Component Designator: OldDesignator=R123 NewDesignator=R73_U_Sensor_Frontend2
Change Component Designator: OldDesignator=R124 NewDesignator=R74_U_Sensor_Frontend2
Change Component Designator: OldDesignator=R125 NewDesignator=R90_U_Sensor_Frontend3
Change Component Designator: OldDesignator=R126 NewDesignator=R91_U_Sensor_Frontend3
Change Component Designator: OldDesignator=R127 NewDesignator=R92_U_Sensor_Frontend3
Change Component Designator: OldDesignator=R128 NewDesignator=R72_U_Sensor_Frontend3
Change Component Designator: OldDesignator=R129 NewDesignator=R73_U_Sensor_Frontend3
Change Component Designator: OldDesignator=R130 NewDesignator=R74_U_Sensor_Frontend3
Change Component Designator: OldDesignator=R131 NewDesignator=R95
Change Component Designator: OldDesignator=R132 NewDesignator=R96
Change Component Designator: OldDesignator=R133 NewDesignator=R97_U_Sensor_Frontend1
Change Component Designator: OldDesignator=R134 NewDesignator=R98_U_Sensor_Frontend1
Change Component Designator: OldDesignator=R135 NewDesignator=R97_U_Sensor_Frontend2
Change Component Designator: OldDesignator=R136 NewDesignator=R98_U_Sensor_Frontend2
Change Component Designator: OldDesignator=R137 NewDesignator=R97_U_Sensor_Frontend3
Change Component Designator: OldDesignator=R138 NewDesignator=R98_U_Sensor_Frontend3
Change Component Designator: OldDesignator=U14 NewDesignator=U7
Change Net Name : Old Net Name=NetC61_2 New Net Name=NetC55_2
Change Net Name : Old Net Name=NetC66_2 New Net Name=NetC60_2
Change Net Name : Old Net Name=NetC94_2 New Net Name=NetC61_U_Sensor_Frontend2_2
Change Net Name : Old Net Name=NetC96_2 New Net Name=NetC63_U_Sensor_Frontend2_2
Change Net Name : Old Net Name=NetC97_2 New Net Name=NetC61_U_Sensor_Frontend3_2
Change Net Name : Old Net Name=NetC99_2 New Net Name=NetC63_U_Sensor_Frontend3_2
Change Net Name : Old Net Name=NetJ6_2 New Net Name=NetJ6_U_Sensor_Frontend2_2
Change Net Name : Old Net Name=NetJ6_3 New Net Name=NetJ6_U_Sensor_Frontend2_3
Change Net Name : Old Net Name=NetJ6_5 New Net Name=NetJ6_U_Sensor_Frontend2_5
Change Net Name : Old Net Name=NetJ6_6 New Net Name=NetJ6_U_Sensor_Frontend2_6
Change Net Name : Old Net Name=NetJ6_7 New Net Name=NetJ6_U_Sensor_Frontend2_7
Change Net Name : Old Net Name=NetJ7_2 New Net Name=NetJ6_U_Sensor_Frontend3_2
Change Net Name : Old Net Name=NetJ7_3 New Net Name=NetJ6_U_Sensor_Frontend3_3
Change Net Name : Old Net Name=NetJ7_6 New Net Name=NetJ6_U_Sensor_Frontend3_6
Change Net Name : Old Net Name=NetJ7_7 New Net Name=NetJ6_U_Sensor_Frontend3_7
Change Net Name : Old Net Name=NetQ6_1 New Net Name=NetQ1_U_Sensor_Frontend1_1
Change Net Name : Old Net Name=NetQ7_1 New Net Name=NetQ6_U_Sensor_Frontend1_1
Change Net Name : Old Net Name=NetQ8_1 New Net Name=NetQ1_U_Sensor_Frontend2_1
Change Net Name : Old Net Name=NetQ9_1 New Net Name=NetQ6_U_Sensor_Frontend2_1
Change Net Name : Old Net Name=NetQ10_1 New Net Name=NetQ1_U_Sensor_Frontend3_1
Change Net Name : Old Net Name=NetQ11_1 New Net Name=NetQ6_U_Sensor_Frontend3_1
Change Net Name : Old Net Name=NetR115_2 New Net Name=NetR68_2
Change Net Name : Old Net Name=NetR116_2 New Net Name=NetR69_2
Change Net Name : Old Net Name=NetR117_2 New Net Name=NetR70_2
Change Net Name : Old Net Name=NetR118_2 New Net Name=NetR71_2
Added Class: Name=HV
