Removed Pin From Net: NetName=I2C_SDA_Det Pin=R3-1
Removed Pin From Net: NetName=DAC1_CTRL.DAC_I2C_SDA Pin=R3-2
Removed Pin From Net: NetName=I2C_SCL_Det Pin=R4-1
Removed Pin From Net: NetName=DAC1_CTRL.DAC_I2C_SCL Pin=R4-2
Removed Member From Class: ClassName=Top Member=R3
Removed Member From Class: ClassName=Top Member=R4
Added Component: Designator=C85(sm_cap_0603)
Add component (AddParameter): Name = "Distributor"; Value = "Mouser"; VariantName = "[No Variations]"
Add component (AddParameter): Name = "Link"; Value = "https://cz.mouser.com/ProductDetail/Yageo/CC0603KRX7R9BB104?qs=sGAEpiMZZMvsSlwiRhF8qgFnKIgZe697WZ9nrpNTeGg%3D"; VariantName = "[No Variations]"
Add component (AddParameter): Name = "Manufacturer"; Value = "Yageo"; VariantName = "[No Variations]"
Add component (AddParameter): Name = "Package"; Value = "0603"; VariantName = "[No Variations]"
Add component (AddParameter): Name = "Part Number"; Value = "CC0603KRX7R9BB104"; VariantName = "[No Variations]"
Added Component: Designator=J8(Screw_terminal_282841-2)
Add component (AddParameter): Name = "Distributor"; Value = "Mouser"; VariantName = "[No Variations]"
Add component (AddParameter): Name = "Link"; Value = "http://cz.mouser.com/ProductDetail/TE-Connectivity/282841-2/?qs=sGAEpiMZZMvPvGwLNS6713Uge2ImzyUSANpZpjutp6g%3d"; VariantName = "[No Variations]"
Add component (AddParameter): Name = "Manufacturer"; Value = "TE Connectivity"; VariantName = "[No Variations]"
Add component (AddParameter): Name = "Package"; Value = "2-pin, 5.08 mm"; VariantName = "[No Variations]"
Add component (AddParameter): Name = "Part Number"; Value = "282841-2"; VariantName = "[No Variations]"
Added Component: Designator=U14(VSSOP-8)
Add component (AddParameter): Name = "Distributor"; Value = "Mouser"; VariantName = "[No Variations]"
Add component (AddParameter): Name = "Link"; Value = "https://cz.mouser.com/ProductDetail/Texas-Instruments/TMUX1121DGKR?qs=XeJtXLiO41RR8f%2F8dmY7lg%3D%3D"; VariantName = "[No Variations]"
Add component (AddParameter): Name = "Manufacturer"; Value = "Texas Instruments"; VariantName = "[No Variations]"
Add component (AddParameter): Name = "Package"; Value = "VSSOP-8"; VariantName = "[No Variations]"
Add component (AddParameter): Name = "Part Number"; Value = "TMUX1121DGKR"; VariantName = "[No Variations]"
Added Pin To Net: NetName=GND Pin=C85-1
Added Pin To Net: NetName=+3V3 Pin=C85-2
Added Pin To Net: NetName=NetFH1_1 Pin=J8-1
Added Pin To Net: NetName=GND Pin=J8-2
Added Pin To Net: NetName=DAC1_CTRL.DAC_I2C_SDA Pin=U14-1
Added Pin To Net: NetName=I2C_SDA_Det Pin=U14-2
Added Pin To Net: NetName=Ext_Meas_EN Pin=U14-3
Added Pin To Net: NetName=GND Pin=U14-4
Added Pin To Net: NetName=DAC1_CTRL.DAC_I2C_SCL Pin=U14-5
Added Pin To Net: NetName=I2C_SCL_Det Pin=U14-6
Added Pin To Net: NetName=Ext_Meas_EN Pin=U14-7
Added Pin To Net: NetName=+3V3 Pin=U14-8
Added Member To Class: ClassName=Top Member=Component C85 100nF/50V/X7R
Added Member To Class: ClassName=U_System_power Member=Component J8 2-pin, 5.08 mm
Added Member To Class: ClassName=Top Member=Component U14 TMUX1121DGKR
