Change Component Physical Designator: Old Designator=C61_U_Sensor_Frontend2 New Designator=C61
Change Component Physical Designator: Old Designator=C61_U_Sensor_Frontend3 New Designator=C64
Change Component Physical Designator: Old Designator=C62_U_Sensor_Frontend2 New Designator=C62
Change Component Physical Designator: Old Designator=C62_U_Sensor_Frontend3 New Designator=C65
Change Component Physical Designator: Old Designator=C63_U_Sensor_Frontend2 New Designator=C63
Change Component Physical Designator: Old Designator=C63_U_Sensor_Frontend3 New Designator=C66
Change Component Physical Designator: Old Designator=J6_U_Sensor_Frontend2 New Designator=J6
Change Component Physical Designator: Old Designator=J6_U_Sensor_Frontend3 New Designator=J7
Change Component Physical Designator: Old Designator=Q1_U_Sensor_Frontend1 New Designator=Q6
Change Component Physical Designator: Old Designator=Q1_U_Sensor_Frontend2 New Designator=Q8
Change Component Physical Designator: Old Designator=Q1_U_Sensor_Frontend3 New Designator=Q10
Change Component Physical Designator: Old Designator=Q6_U_Sensor_Frontend1 New Designator=Q7
Change Component Physical Designator: Old Designator=Q6_U_Sensor_Frontend2 New Designator=Q9
Change Component Physical Designator: Old Designator=Q6_U_Sensor_Frontend3 New Designator=Q11
Change Component Physical Designator: Old Designator=R14 New Designator=R73
Change Component Physical Designator: Old Designator=R64 New Designator=R14
Change Component Physical Designator: Old Designator=R65 New Designator=R64
Change Component Physical Designator: Old Designator=R72_U_Sensor_Frontend2 New Designator=R120
Change Component Physical Designator: Old Designator=R72_U_Sensor_Frontend3 New Designator=R128
Change Component Physical Designator: Old Designator=R73_U_Sensor_Frontend2 New Designator=R123
Change Component Physical Designator: Old Designator=R73_U_Sensor_Frontend3 New Designator=R131
Change Component Physical Designator: Old Designator=R74_U_Sensor_Frontend2 New Designator=R124
Change Component Physical Designator: Old Designator=R74_U_Sensor_Frontend3 New Designator=R132
Change Component Physical Designator: Old Designator=R84 New Designator=R74
Change Component Physical Designator: Old Designator=R85 New Designator=R65
Change Component Physical Designator: Old Designator=R86 New Designator=R72
Change Component Physical Designator: Old Designator=R87 New Designator=R75
Change Component Physical Designator: Old Designator=R88 New Designator=R108
Change Component Physical Designator: Old Designator=R89 New Designator=R109
Change Component Physical Designator: Old Designator=R90_U_Sensor_Frontend1 New Designator=R112
Change Component Physical Designator: Old Designator=R90_U_Sensor_Frontend2 New Designator=R117
Change Component Physical Designator: Old Designator=R90_U_Sensor_Frontend3 New Designator=R125
Change Component Physical Designator: Old Designator=R91_U_Sensor_Frontend1 New Designator=R113
Change Component Physical Designator: Old Designator=R91_U_Sensor_Frontend2 New Designator=R118
Change Component Physical Designator: Old Designator=R91_U_Sensor_Frontend3 New Designator=R126
Change Component Physical Designator: Old Designator=R92_U_Sensor_Frontend1 New Designator=R114
Change Component Physical Designator: Old Designator=R92_U_Sensor_Frontend2 New Designator=R119
Change Component Physical Designator: Old Designator=R92_U_Sensor_Frontend3 New Designator=R127
Change Component Physical Designator: Old Designator=R93 New Designator=R76
Change Component Physical Designator: Old Designator=R94 New Designator=R77
Change Component Physical Designator: Old Designator=R95 New Designator=R110
Change Component Physical Designator: Old Designator=R96 New Designator=R111
Change Component Physical Designator: Old Designator=R97_U_Sensor_Frontend1 New Designator=R115
Change Component Physical Designator: Old Designator=R97_U_Sensor_Frontend2 New Designator=R121
Change Component Physical Designator: Old Designator=R97_U_Sensor_Frontend3 New Designator=R129
Change Component Physical Designator: Old Designator=R98_U_Sensor_Frontend1 New Designator=R116
Change Component Physical Designator: Old Designator=R98_U_Sensor_Frontend2 New Designator=R122
Change Component Physical Designator: Old Designator=R98_U_Sensor_Frontend3 New Designator=R130
