Removed Pin From Net: NetName=NetD10_2 Pin=D10-2
Removed Pin From Net: NetName=NetD10_2 Pin=U17-6
Added Component: Designator=C114(sm_cap_0603)
Add component (AddParameter): Name = "Distributor"; Value = "Mouser"; VariantName = "[No Variations]"
Add component (AddParameter): Name = "Link"; Value = "https://cz.mouser.com/ProductDetail/Wurth-Electronics/885012206095?qs=sGAEpiMZZMvsSlwiRhF8qunkWFWGyo%252bvK8eOdGkr6qQz0FATOLwsOQ%3d%3d"; VariantName = "[No Variations]"
Add component (AddParameter): Name = "Manufacturer"; Value = "Wurth Electronics"; VariantName = "[No Variations]"
Add component (AddParameter): Name = "Package"; Value = "0603"; VariantName = "[No Variations]"
Add component (AddParameter): Name = "Part Number"; Value = "885012206095"; VariantName = "[No Variations]"
Added Component: Designator=C115(sm_cap_0603)
Add component (AddParameter): Name = "Distributor"; Value = "Mouser"; VariantName = "[No Variations]"
Add component (AddParameter): Name = "Link"; Value = "http://cz.mouser.com/ProductDetail/Murata-Electronics/GRM1885C1H103JA01D/?qs=sGAEpiMZZMs0AnBnWHyRQP81ohtk65EYLjxkpOMiaYc%3d"; VariantName = "[No Variations]"
Add component (AddParameter): Name = "Manufacturer"; Value = "Murata Electronics"; VariantName = "[No Variations]"
Add component (AddParameter): Name = "Package"; Value = "0603"; VariantName = "[No Variations]"
Add component (AddParameter): Name = "Part Number"; Value = "GRM1885C1H103JA01D"; VariantName = "[No Variations]"
Added Component: Designator=F1(FUSE_1206)
Add component (AddParameter): Name = "Distributor"; Value = "Mouser"; VariantName = "[No Variations]"
Add component (AddParameter): Name = "Link"; Value = "https://cz.mouser.com/ProductDetail/Bourns/SF-1206F050-2?qs=sGAEpiMZZMtxU2g%2f1juGqZDMTnX66Jiu%2fH9aidGxpSg%3d"; VariantName = "[No Variations]"
Add component (AddParameter): Name = "Manufacturer"; Value = "Bourns"; VariantName = "[No Variations]"
Add component (AddParameter): Name = "Package"; Value = "1206"; VariantName = "[No Variations]"
Add component (AddParameter): Name = "Part Number"; Value = "652-SF-1206F050-2"; VariantName = "[No Variations]"
Added Component: Designator=FB1(sm_emi_0603)
Add component (AddParameter): Name = "Distributor"; Value = "Mouser"; VariantName = "[No Variations]"
Add component (AddParameter): Name = "Link"; Value = "https://cz.mouser.com/ProductDetail/Taiyo-Yuden/BKP1608HS330-T?qs=sGAEpiMZZMtdyQheitOmRas3gyT7ksc5DGDxUxvtwfA%3d"; VariantName = "[No Variations]"
Add component (AddParameter): Name = "Manufacturer"; Value = "Taiyo Yuden"; VariantName = "[No Variations]"
Add component (AddParameter): Name = "Package"; Value = "0603"; VariantName = "[No Variations]"
Add component (AddParameter): Name = "Part Number"; Value = "963-BKP1608HS330-T"; VariantName = "[No Variations]"
Added Pin To Net: NetName=GND Pin=C114-1
Added Pin To Net: NetName=GND Pin=C115-2
Added Pin To Net: NetName=NetD10_2 Pin=F1-1
Change Net Name : Old Net Name=NetD10_2 New Net Name=NetF1_1
Added Pin To Net: NetName=NetC114_2 Pin=C114-2
Added Pin To Net: NetName=NetC114_2 Pin=FB1-2
Added Pin To Net: NetName=NetC114_2 Pin=U17-6
Added Net: Name=NetC114_2
Added Pin To Net: NetName=NetC115_1 Pin=C115-1
Added Pin To Net: NetName=NetC115_1 Pin=D10-2
Added Pin To Net: NetName=NetC115_1 Pin=F1-2
Added Pin To Net: NetName=NetC115_1 Pin=FB1-1
Added Net: Name=NetC115_1
Added Differential Pair: Name=USB
Added Member To Class: ClassName=U_Communication Member=Component C114 (C86) 100nF/50V/X7R
Added Member To Class: ClassName=U_Communication Member=Component C115 (C87) 10nF/50V/C0G
Added Member To Class: ClassName=U_Communication Member=Component F1 0.5A
Added Member To Class: ClassName=U_Communication Member=Component FB1 33R-100 MHz, 3A
