Removed Member From Class: ClassName=U_Bias Member=C110
Removed Member From Class: ClassName=U_Bias Member=C111
Removed Member From Class: ClassName=Top Member=C113
Removed Member From Class: ClassName=U_System_power Member=J10
Removed Member From Class: ClassName=U_Bias Member=R146
Removed Member From Class: ClassName=U_Bias Member=R147
Removed Member From Class: ClassName=HV Member=NetC25_2
Removed Member From Class: ClassName=HV Member=NetC62_2
Removed Member From Class: ClassName=HV Member=NetC95_2
Removed Member From Class: ClassName=HV Member=NetC98_2
Change Component Designator: OldDesignator=C4 NewDesignator=C5
Change Component Designator: OldDesignator=C5 NewDesignator=C6
Change Component Designator: OldDesignator=C6 NewDesignator=C8
Change Component Designator: OldDesignator=C8 NewDesignator=C9
Change Component Designator: OldDesignator=C9 NewDesignator=C10
Change Component Designator: OldDesignator=C10 NewDesignator=C11
Change Component Designator: OldDesignator=C11 NewDesignator=C12
Change Component Designator: OldDesignator=C12 NewDesignator=C13
Change Component Designator: OldDesignator=C13 NewDesignator=C14
Change Component Designator: OldDesignator=C14 NewDesignator=C24
Change Component Designator: OldDesignator=C15 NewDesignator=C26
Change Component Designator: OldDesignator=C16 NewDesignator=C29
Change Component Designator: OldDesignator=C17 NewDesignator=C30
Change Component Designator: OldDesignator=C18 NewDesignator=C31
Change Component Designator: OldDesignator=C19 NewDesignator=C32
Change Component Designator: OldDesignator=C20 NewDesignator=C33
Change Component Designator: OldDesignator=C21 NewDesignator=C34
Change Component Designator: OldDesignator=C22 NewDesignator=C35
Change Component Designator: OldDesignator=C23 NewDesignator=C36
Change Component Designator: OldDesignator=C24 NewDesignator=C37
Change Component Designator: OldDesignator=C25 NewDesignator=C38
Change Component Designator: OldDesignator=C26 NewDesignator=C39
Change Component Designator: OldDesignator=C27 NewDesignator=C40
Change Component Designator: OldDesignator=C28 NewDesignator=C41
Change Component Designator: OldDesignator=C29 NewDesignator=C42
Change Component Designator: OldDesignator=C30 NewDesignator=C43
Change Component Designator: OldDesignator=C31 NewDesignator=C44
Change Component Designator: OldDesignator=C32 NewDesignator=C45
Change Component Designator: OldDesignator=C33 NewDesignator=C48
Change Component Designator: OldDesignator=C34 NewDesignator=C49
Change Component Designator: OldDesignator=C35 NewDesignator=C50
Change Component Designator: OldDesignator=C36 NewDesignator=C51
Change Component Designator: OldDesignator=C37 NewDesignator=C52
Change Component Designator: OldDesignator=C38 NewDesignator=C53
Change Component Designator: OldDesignator=C39 NewDesignator=C54
Change Component Designator: OldDesignator=C40 NewDesignator=C55
Change Component Designator: OldDesignator=C41 NewDesignator=C56
Change Component Designator: OldDesignator=C42 NewDesignator=C57
Change Component Designator: OldDesignator=C43 NewDesignator=C58
Change Component Designator: OldDesignator=C44 NewDesignator=C59
Change Component Designator: OldDesignator=C45 NewDesignator=C60
Change Component Designator: OldDesignator=C46 NewDesignator=C61
Change Component Designator: OldDesignator=C47 NewDesignator=C62
Change Component Designator: OldDesignator=C48 NewDesignator=C63
Change Component Designator: OldDesignator=C49 NewDesignator=C64
Change Component Designator: OldDesignator=C50 NewDesignator=C65
Change Component Designator: OldDesignator=C51 NewDesignator=C66
Change Component Designator: OldDesignator=C52 NewDesignator=C67
Change Component Designator: OldDesignator=C53 NewDesignator=C68
Change Component Designator: OldDesignator=C54 NewDesignator=C69
Change Component Designator: OldDesignator=C55 NewDesignator=C70
Change Component Designator: OldDesignator=C56 NewDesignator=C71
Change Component Designator: OldDesignator=C57 NewDesignator=C72
Change Component Designator: OldDesignator=C58 NewDesignator=C73
Change Component Designator: OldDesignator=C59 NewDesignator=C74
Change Component Designator: OldDesignator=C60 NewDesignator=C75
Change Component Designator: OldDesignator=C61 NewDesignator=C76
Change Component Designator: OldDesignator=C62 NewDesignator=C77
Change Component Designator: OldDesignator=C63 NewDesignator=C78
Change Component Designator: OldDesignator=C64 NewDesignator=C79
Change Component Designator: OldDesignator=C65 NewDesignator=C80
Change Component Designator: OldDesignator=C66 NewDesignator=C81
Change Component Designator: OldDesignator=C67 NewDesignator=C82
Change Component Designator: OldDesignator=C68 NewDesignator=C83
Change Component Designator: OldDesignator=C69 NewDesignator=C84
Change Component Designator: OldDesignator=C70 NewDesignator=C85
Change Component Designator: OldDesignator=C71 NewDesignator=C86
Change Component Designator: OldDesignator=C72 NewDesignator=C87
Change Component Designator: OldDesignator=C73 NewDesignator=C88
Change Component Designator: OldDesignator=C74 NewDesignator=C89
Change Component Designator: OldDesignator=C75 NewDesignator=C90
Change Component Designator: OldDesignator=C76 NewDesignator=C91
Change Component Designator: OldDesignator=C77 NewDesignator=C92
Change Component Designator: OldDesignator=C78 NewDesignator=C93
Change Component Designator: OldDesignator=C79 NewDesignator=C94
Change Component Designator: OldDesignator=C80 NewDesignator=C95
Change Component Designator: OldDesignator=C81 NewDesignator=C96
Change Component Designator: OldDesignator=C82 NewDesignator=C97
Change Component Designator: OldDesignator=C83 NewDesignator=C98
Change Component Designator: OldDesignator=C84 NewDesignator=C99
Change Component Designator: OldDesignator=C85 NewDesignator=C100
Change Component Designator: OldDesignator=C86 NewDesignator=C101
Change Component Designator: OldDesignator=C87 NewDesignator=C102
Change Component Designator: OldDesignator=C88 NewDesignator=C103
Change Component Designator: OldDesignator=C89 NewDesignator=C104
Change Component Designator: OldDesignator=C90 NewDesignator=C105
Change Component Designator: OldDesignator=C91 NewDesignator=C106
Change Component Designator: OldDesignator=C92 NewDesignator=C107
Change Component Designator: OldDesignator=C93 NewDesignator=C108
Change Component Designator: OldDesignator=C94 NewDesignator=C109
Change Component Designator: OldDesignator=C95 NewDesignator=C110
Change Component Designator: OldDesignator=C96 NewDesignator=C111
Change Component Designator: OldDesignator=C97 NewDesignator=C112
Change Component Designator: OldDesignator=C98 NewDesignator=C113
Change Component Designator: OldDesignator=C99 NewDesignator=C114
Change Component Designator: OldDesignator=C100 NewDesignator=C115
Change Component Designator: OldDesignator=C101 NewDesignator=C15
Change Component Designator: OldDesignator=C102 NewDesignator=C16
Change Component Designator: OldDesignator=C103 NewDesignator=C17
Change Component Designator: OldDesignator=C104 NewDesignator=C18
Change Component Designator: OldDesignator=C105 NewDesignator=C19
Change Component Designator: OldDesignator=C106 NewDesignator=C20
Change Component Designator: OldDesignator=C107 NewDesignator=C21
Change Component Designator: OldDesignator=C108 NewDesignator=C22
Change Component Designator: OldDesignator=C109 NewDesignator=C23
Change Component Designator: OldDesignator=C110 NewDesignator=C25
Change Component Designator: OldDesignator=C111 NewDesignator=C27
Change Component Designator: OldDesignator=C112 NewDesignator=C28
Change Component Designator: OldDesignator=C113 NewDesignator=C4
Change Component Designator: OldDesignator=C114 NewDesignator=C46
Change Component Designator: OldDesignator=C115 NewDesignator=C47
Change Component Designator: OldDesignator=D8 NewDesignator=D9
Change Component Designator: OldDesignator=D9 NewDesignator=D10
Change Component Designator: OldDesignator=D10 NewDesignator=D8
Change Component Designator: OldDesignator=J4 NewDesignator=J5
Change Component Designator: OldDesignator=J5 NewDesignator=J6
Change Component Designator: OldDesignator=J6 NewDesignator=J8
Change Component Designator: OldDesignator=J7 NewDesignator=J9
Change Component Designator: OldDesignator=J8 NewDesignator=J10
Change Component Designator: OldDesignator=J9 NewDesignator=J7
Change Component Designator: OldDesignator=J10 NewDesignator=J4
Change Component Designator: OldDesignator=LED4 NewDesignator=LED6
Change Component Designator: OldDesignator=LED5 NewDesignator=LED7
Change Component Designator: OldDesignator=LED6 NewDesignator=LED8
Change Component Designator: OldDesignator=LED7 NewDesignator=LED9
Change Component Designator: OldDesignator=LED8 NewDesignator=LED10
Change Component Designator: OldDesignator=LED9 NewDesignator=LED11
Change Component Designator: OldDesignator=LED10 NewDesignator=LED4
Change Component Designator: OldDesignator=LED11 NewDesignator=LED5
Change Component Designator: OldDesignator=R5 NewDesignator=R1
Change Component Designator: OldDesignator=R6 NewDesignator=R2
Change Component Designator: OldDesignator=R7 NewDesignator=R3
Change Component Designator: OldDesignator=R8 NewDesignator=R4
Change Component Designator: OldDesignator=R9 NewDesignator=R5
Change Component Designator: OldDesignator=R10 NewDesignator=R6
Change Component Designator: OldDesignator=R11 NewDesignator=R7
Change Component Designator: OldDesignator=R12 NewDesignator=R8
Change Component Designator: OldDesignator=R13 NewDesignator=R9
Change Component Designator: OldDesignator=R14 NewDesignator=R10
Change Component Designator: OldDesignator=R15 NewDesignator=R11
Change Component Designator: OldDesignator=R16 NewDesignator=R12
Change Component Designator: OldDesignator=R17 NewDesignator=R13
Change Component Designator: OldDesignator=R18 NewDesignator=R14
Change Component Designator: OldDesignator=R19 NewDesignator=R16
Change Component Designator: OldDesignator=R20 NewDesignator=R15
Change Component Designator: OldDesignator=R21 NewDesignator=R18
Change Component Designator: OldDesignator=R22 NewDesignator=R17
Change Component Designator: OldDesignator=R23 NewDesignator=R19
Change Component Designator: OldDesignator=R24 NewDesignator=R20
Change Component Designator: OldDesignator=R25 NewDesignator=R21
Change Component Designator: OldDesignator=R26 NewDesignator=R22
Change Component Designator: OldDesignator=R27 NewDesignator=R23
Change Component Designator: OldDesignator=R28 NewDesignator=R24
Change Component Designator: OldDesignator=R29 NewDesignator=R25
Change Component Designator: OldDesignator=R30 NewDesignator=R26
Change Component Designator: OldDesignator=R31 NewDesignator=R27
Change Component Designator: OldDesignator=R32 NewDesignator=R35
Change Component Designator: OldDesignator=R33 NewDesignator=R36
Change Component Designator: OldDesignator=R34 NewDesignator=R37
Change Component Designator: OldDesignator=R35 NewDesignator=R38
Change Component Designator: OldDesignator=R36 NewDesignator=R39
Change Component Designator: OldDesignator=R37 NewDesignator=R40
Change Component Designator: OldDesignator=R38 NewDesignator=R41
Change Component Designator: OldDesignator=R39 NewDesignator=R42
Change Component Designator: OldDesignator=R40 NewDesignator=R43
Change Component Designator: OldDesignator=R41 NewDesignator=R44
Change Component Designator: OldDesignator=R42 NewDesignator=R45
Change Component Designator: OldDesignator=R43 NewDesignator=R46
Change Component Designator: OldDesignator=R44 NewDesignator=R49
Change Component Designator: OldDesignator=R45 NewDesignator=R50
Change Component Designator: OldDesignator=R46 NewDesignator=R51
Change Component Designator: OldDesignator=R47 NewDesignator=R52
Change Component Designator: OldDesignator=R48 NewDesignator=R53
Change Component Designator: OldDesignator=R49 NewDesignator=R54
Change Component Designator: OldDesignator=R50 NewDesignator=R55
Change Component Designator: OldDesignator=R51 NewDesignator=R56
Change Component Designator: OldDesignator=R52 NewDesignator=R57
Change Component Designator: OldDesignator=R53 NewDesignator=R58
Change Component Designator: OldDesignator=R54 NewDesignator=R59
Change Component Designator: OldDesignator=R55 NewDesignator=R62
Change Component Designator: OldDesignator=R56 NewDesignator=R63
Change Component Designator: OldDesignator=R57 NewDesignator=R64
Change Component Designator: OldDesignator=R58 NewDesignator=R65
Change Component Designator: OldDesignator=R59 NewDesignator=R66
Change Component Designator: OldDesignator=R60 NewDesignator=R67
Change Component Designator: OldDesignator=R61 NewDesignator=R68
Change Component Designator: OldDesignator=R62 NewDesignator=R69
Change Component Designator: OldDesignator=R63 NewDesignator=R70
Change Component Designator: OldDesignator=R64 NewDesignator=R71
Change Component Designator: OldDesignator=R65 NewDesignator=R72
Change Component Designator: OldDesignator=R66 NewDesignator=R73
Change Component Designator: OldDesignator=R67 NewDesignator=R74
Change Component Designator: OldDesignator=R68 NewDesignator=R75
Change Component Designator: OldDesignator=R69 NewDesignator=R76
Change Component Designator: OldDesignator=R70 NewDesignator=R77
Change Component Designator: OldDesignator=R71 NewDesignator=R78
Change Component Designator: OldDesignator=R72 NewDesignator=R79
Change Component Designator: OldDesignator=R73 NewDesignator=R80
Change Component Designator: OldDesignator=R74 NewDesignator=R81
Change Component Designator: OldDesignator=R75 NewDesignator=R82
Change Component Designator: OldDesignator=R76 NewDesignator=R83
Change Component Designator: OldDesignator=R77 NewDesignator=R84
Change Component Designator: OldDesignator=R78 NewDesignator=R85
Change Component Designator: OldDesignator=R79 NewDesignator=R86
Change Component Designator: OldDesignator=R80 NewDesignator=R87
Change Component Designator: OldDesignator=R81 NewDesignator=R88
Change Component Designator: OldDesignator=R82 NewDesignator=R89
Change Component Designator: OldDesignator=R83 NewDesignator=R90
Change Component Designator: OldDesignator=R84 NewDesignator=R91
Change Component Designator: OldDesignator=R85 NewDesignator=R92
Change Component Designator: OldDesignator=R86 NewDesignator=R93
Change Component Designator: OldDesignator=R87 NewDesignator=R94
Change Component Designator: OldDesignator=R88 NewDesignator=R95
Change Component Designator: OldDesignator=R89 NewDesignator=R96
Change Component Designator: OldDesignator=R90 NewDesignator=R97
Change Component Designator: OldDesignator=R91 NewDesignator=R98
Change Component Designator: OldDesignator=R92 NewDesignator=R99
Change Component Designator: OldDesignator=R93 NewDesignator=R100
Change Component Designator: OldDesignator=R94 NewDesignator=R101
Change Component Designator: OldDesignator=R95 NewDesignator=R102
Change Component Designator: OldDesignator=R96 NewDesignator=R103
Change Component Designator: OldDesignator=R97 NewDesignator=R104
Change Component Designator: OldDesignator=R98 NewDesignator=R105
Change Component Designator: OldDesignator=R99 NewDesignator=R106
Change Component Designator: OldDesignator=R100 NewDesignator=R107
Change Component Designator: OldDesignator=R101 NewDesignator=R108
Change Component Designator: OldDesignator=R102 NewDesignator=R109
Change Component Designator: OldDesignator=R103 NewDesignator=R110
Change Component Designator: OldDesignator=R104 NewDesignator=R111
Change Component Designator: OldDesignator=R105 NewDesignator=R112
Change Component Designator: OldDesignator=R106 NewDesignator=R113
Change Component Designator: OldDesignator=R107 NewDesignator=R114
Change Component Designator: OldDesignator=R108 NewDesignator=R115
Change Component Designator: OldDesignator=R109 NewDesignator=R116
Change Component Designator: OldDesignator=R110 NewDesignator=R117
Change Component Designator: OldDesignator=R111 NewDesignator=R118
Change Component Designator: OldDesignator=R112 NewDesignator=R119
Change Component Designator: OldDesignator=R113 NewDesignator=R120
Change Component Designator: OldDesignator=R114 NewDesignator=R121
Change Component Designator: OldDesignator=R115 NewDesignator=R122
Change Component Designator: OldDesignator=R116 NewDesignator=R123
Change Component Designator: OldDesignator=R117 NewDesignator=R124
Change Component Designator: OldDesignator=R118 NewDesignator=R125
Change Component Designator: OldDesignator=R119 NewDesignator=R126
Change Component Designator: OldDesignator=R120 NewDesignator=R127
Change Component Designator: OldDesignator=R121 NewDesignator=R128
Change Component Designator: OldDesignator=R122 NewDesignator=R129
Change Component Designator: OldDesignator=R123 NewDesignator=R130
Change Component Designator: OldDesignator=R124 NewDesignator=R131
Change Component Designator: OldDesignator=R125 NewDesignator=R132
Change Component Designator: OldDesignator=R126 NewDesignator=R133
Change Component Designator: OldDesignator=R127 NewDesignator=R134
Change Component Designator: OldDesignator=R128 NewDesignator=R135
Change Component Designator: OldDesignator=R129 NewDesignator=R136
Change Component Designator: OldDesignator=R130 NewDesignator=R137
Change Component Designator: OldDesignator=R131 NewDesignator=R138
Change Component Designator: OldDesignator=R132 NewDesignator=R139
Change Component Designator: OldDesignator=R133 NewDesignator=R140
Change Component Designator: OldDesignator=R134 NewDesignator=R141
Change Component Designator: OldDesignator=R135 NewDesignator=R142
Change Component Designator: OldDesignator=R136 NewDesignator=R143
Change Component Designator: OldDesignator=R137 NewDesignator=R144
Change Component Designator: OldDesignator=R138 NewDesignator=R145
Change Component Designator: OldDesignator=R139 NewDesignator=R28
Change Component Designator: OldDesignator=R140 NewDesignator=R29
Change Component Designator: OldDesignator=R141 NewDesignator=R30
Change Component Designator: OldDesignator=R142 NewDesignator=R31
Change Component Designator: OldDesignator=R143 NewDesignator=R32
Change Component Designator: OldDesignator=R144 NewDesignator=R33
Change Component Designator: OldDesignator=R145 NewDesignator=R34
Change Component Designator: OldDesignator=R146 NewDesignator=R47
Change Component Designator: OldDesignator=R147 NewDesignator=R48
Change Component Designator: OldDesignator=R148 NewDesignator=R60
Change Component Designator: OldDesignator=R149 NewDesignator=R61
Change Component Designator: OldDesignator=U2 NewDesignator=U3
Change Component Designator: OldDesignator=U3 NewDesignator=U6
Change Component Designator: OldDesignator=U4 NewDesignator=U8
Change Component Designator: OldDesignator=U5 NewDesignator=U9
Change Component Designator: OldDesignator=U6 NewDesignator=U10
Change Component Designator: OldDesignator=U7 NewDesignator=U11
Change Component Designator: OldDesignator=U8 NewDesignator=U12
Change Component Designator: OldDesignator=U9 NewDesignator=U13
Change Component Designator: OldDesignator=U10 NewDesignator=U14
Change Component Designator: OldDesignator=U11 NewDesignator=U15
Change Component Designator: OldDesignator=U12 NewDesignator=U16
Change Component Designator: OldDesignator=U13 NewDesignator=U17
Change Component Designator: OldDesignator=U14 NewDesignator=U18
Change Component Designator: OldDesignator=U15 NewDesignator=U19
Change Component Designator: OldDesignator=U16 NewDesignator=U4
Change Component Designator: OldDesignator=U17 NewDesignator=U5
Change Component Designator: OldDesignator=U18 NewDesignator=U7
Change Component Designator: OldDesignator=U19 NewDesignator=U2
Change Net Name : Old Net Name=NetC4_2 New Net Name=NetC5_2
Change Net Name : Old Net Name=NetC5_2 New Net Name=NetC6_2
Change Net Name : Old Net Name=NetC8_1 New Net Name=NetC9_1
Change Net Name : Old Net Name=NetC8_2 New Net Name=NetC9_2
Change Net Name : Old Net Name=NetC14_2 New Net Name=NetC24_2
Change Net Name : Old Net Name=NetC15_1 New Net Name=NetC26_1
Change Net Name : Old Net Name=NetC16_2 New Net Name=NetC29_2
Change Net Name : Old Net Name=NetC17_1 New Net Name=NetC30_1
Change Net Name : Old Net Name=NetC18_2 New Net Name=NetC31_2
Change Net Name : Old Net Name=NetC25_2 New Net Name=NetC38_2
Change Net Name : Old Net Name=NetC27_2 New Net Name=NetC40_2
Change Net Name : Old Net Name=NetC32_2 New Net Name=NetC45_2
Change Net Name : Old Net Name=NetC44_1 New Net Name=NetC59_1
Change Net Name : Old Net Name=NetC45_1 New Net Name=NetC60_1
Change Net Name : Old Net Name=NetC50_2 New Net Name=NetC65_2
Change Net Name : Old Net Name=NetC51_2 New Net Name=NetC66_2
Change Net Name : Old Net Name=NetC52_2 New Net Name=NetC67_2
Change Net Name : Old Net Name=NetC56_2 New Net Name=NetC71_2
Change Net Name : Old Net Name=NetC61_2 New Net Name=NetC76_2
Change Net Name : Old Net Name=NetC62_2 New Net Name=NetC77_2
Change Net Name : Old Net Name=NetC64_2 New Net Name=NetC79_2
Change Net Name : Old Net Name=NetC65_1 New Net Name=NetC80_1
Change Net Name : Old Net Name=NetC65_2 New Net Name=NetC80_2
Change Net Name : Old Net Name=NetC68_2 New Net Name=NetC83_2
Change Net Name : Old Net Name=NetC70_1 New Net Name=NetC85_1
Change Net Name : Old Net Name=NetC70_2 New Net Name=NetC85_2
Change Net Name : Old Net Name=NetC73_2 New Net Name=NetC88_2
Change Net Name : Old Net Name=NetC75_1 New Net Name=NetC90_1
Change Net Name : Old Net Name=NetC75_2 New Net Name=NetC90_2
Change Net Name : Old Net Name=NetC78_2 New Net Name=NetC93_2
Change Net Name : Old Net Name=NetC89_2 New Net Name=NetC104_2
Change Net Name : Old Net Name=NetC94_2 New Net Name=NetC109_2
Change Net Name : Old Net Name=NetC95_2 New Net Name=NetC110_2
Change Net Name : Old Net Name=NetC97_2 New Net Name=NetC112_2
Change Net Name : Old Net Name=NetC98_2 New Net Name=NetC113_2
Change Net Name : Old Net Name=NetC100_2 New Net Name=NetC115_2
Change Net Name : Old Net Name=NetC101_2 New Net Name=NetC15_2
Change Net Name : Old Net Name=NetC109_2 New Net Name=NetC23_2
Change Net Name : Old Net Name=NetC112_2 New Net Name=NetC28_2
Change Net Name : Old Net Name=NetC114_2 New Net Name=NetC46_2
Change Net Name : Old Net Name=NetC115_1 New Net Name=NetC47_1
Change Net Name : Old Net Name=NetJ5_A5 New Net Name=NetJ6_A5
Change Net Name : Old Net Name=NetJ5_B5 New Net Name=NetJ6_B5
Change Net Name : Old Net Name=NetJ6_2 New Net Name=NetJ8_2
Change Net Name : Old Net Name=NetJ6_3 New Net Name=NetJ8_3
Change Net Name : Old Net Name=NetJ6_4 New Net Name=NetJ8_4
Change Net Name : Old Net Name=NetJ6_6 New Net Name=NetJ8_6
Change Net Name : Old Net Name=NetJ6_7 New Net Name=NetJ8_7
Change Net Name : Old Net Name=NetJ7_2 New Net Name=NetJ9_2
Change Net Name : Old Net Name=NetJ7_3 New Net Name=NetJ9_3
Change Net Name : Old Net Name=NetJ7_5 New Net Name=NetJ9_5
Change Net Name : Old Net Name=NetJ7_6 New Net Name=NetJ9_6
Change Net Name : Old Net Name=NetJ7_7 New Net Name=NetJ9_7
Change Net Name : Old Net Name=NetJ8_2 New Net Name=NetJ10_2
Change Net Name : Old Net Name=NetJ8_3 New Net Name=NetJ10_3
Change Net Name : Old Net Name=NetJ8_6 New Net Name=NetJ10_6
Change Net Name : Old Net Name=NetJ8_7 New Net Name=NetJ10_7
Change Net Name : Old Net Name=NetLED4_1 New Net Name=NetLED6_1
Change Net Name : Old Net Name=NetLED5_2 New Net Name=NetLED7_2
Change Net Name : Old Net Name=NetLED6_2 New Net Name=NetLED8_2
Change Net Name : Old Net Name=NetLED7_2 New Net Name=NetLED9_2
Change Net Name : Old Net Name=NetLED8_2 New Net Name=NetLED10_2
Change Net Name : Old Net Name=NetLED9_2 New Net Name=NetLED11_2
Change Net Name : Old Net Name=NetLED10_1 New Net Name=NetLED4_1
Change Net Name : Old Net Name=NetLED10_2 New Net Name=NetLED4_2
Change Net Name : Old Net Name=NetLED11_1 New Net Name=NetLED5_1
Change Net Name : Old Net Name=NetR15_b New Net Name=NetR11_b
Change Net Name : Old Net Name=NetR27_1 New Net Name=NetR23_1
Change Net Name : Old Net Name=NetR31_2 New Net Name=NetR27_2
Change Net Name : Old Net Name=NetR33_2 New Net Name=NetR36_2
Change Net Name : Old Net Name=NetR37_1 New Net Name=NetR40_1
Change Net Name : Old Net Name=NetR39_2 New Net Name=NetR42_2
Change Net Name : Old Net Name=NetR43_2 New Net Name=NetR46_2
Change Net Name : Old Net Name=NetR49_1 New Net Name=NetR54_1
Change Net Name : Old Net Name=NetR49_2 New Net Name=NetR54_2
Change Net Name : Old Net Name=NetR50_1 New Net Name=NetR55_1
Change Net Name : Old Net Name=NetR50_2 New Net Name=NetR55_2
Change Net Name : Old Net Name=NetR51_1 New Net Name=NetR56_1
Change Net Name : Old Net Name=NetR52_1 New Net Name=NetR57_1
Change Net Name : Old Net Name=NetR53_1 New Net Name=NetR58_1
Change Net Name : Old Net Name=NetR54_1 New Net Name=NetR59_1
Change Net Name : Old Net Name=NetR72_1 New Net Name=NetR79_1
Change Net Name : Old Net Name=NetR73_1 New Net Name=NetR80_1
Change Net Name : Old Net Name=NetR78_2 New Net Name=NetR85_2
Change Net Name : Old Net Name=NetR79_2 New Net Name=NetR86_2
Change Net Name : Old Net Name=NetR80_2 New Net Name=NetR87_2
Change Net Name : Old Net Name=NetR81_2 New Net Name=NetR88_2
Change Net Name : Old Net Name=NetR92_2 New Net Name=NetR99_2
Change Net Name : Old Net Name=NetR99_2 New Net Name=NetR106_2
Change Net Name : Old Net Name=NetR106_2 New Net Name=NetR113_2
Change Net Name : Old Net Name=NetR112_1 New Net Name=NetR119_1
Change Net Name : Old Net Name=NetR114_1 New Net Name=NetR121_1
Change Net Name : Old Net Name=NetR116_1 New Net Name=NetR123_1
Change Net Name : Old Net Name=NetR119_2 New Net Name=NetR126_2
Change Net Name : Old Net Name=NetR120_2 New Net Name=NetR127_2
Change Net Name : Old Net Name=NetR121_2 New Net Name=NetR128_2
Change Net Name : Old Net Name=NetR122_2 New Net Name=NetR129_2
Change Net Name : Old Net Name=NetR142_1 New Net Name=NetR31_1
Change Net Name : Old Net Name=NetR143_1 New Net Name=NetR32_1
Change Net Name : Old Net Name=NetU6_3 New Net Name=NetU10_3
Change Net Name : Old Net Name=NetU6_4 New Net Name=NetU10_4
Change Net Name : Old Net Name=NetU6_21 New Net Name=NetU7_1
Change Net Name : Old Net Name=NetU6_51 New Net Name=NetU10_51
Change Net Name : Old Net Name=NetU6_52 New Net Name=NetU10_52
Change Net Name : Old Net Name=NetU6_53 New Net Name=NetU10_53
Added Member To Class: ClassName=Top Member=Component C6 D.N.P.
Added Member To Class: ClassName=U_Bias Member=Component C38 1uF/100V/X5R
Added Member To Class: ClassName=U_Bias Member=Component C40 100pF/50V/C0G
Added Member To Class: ClassName=U_System_power Member=Component J5 DC JACK
Added Member To Class: ClassName=U_Bias Member=Component R52 100R/1%
Added Member To Class: ClassName=U_Bias Member=Component R53 0R6/1%
Added Member To Class: ClassName=HV Member=Wire NetC38_2
Added Member To Class: ClassName=HV Member=Wire NetC77_2
Added Member To Class: ClassName=HV Member=Wire NetC110_2
Added Member To Class: ClassName=HV Member=Wire NetC113_2
