Removed Pin From Net: NetName=NetC66_2 Pin=TP10-1
Removed Pin From Net: NetName=V_ref2 Pin=TP11-1
Removed Pin From Net: NetName=V_ref1 Pin=TP12-1
Removed Pin From Net: NetName=V_ref3 Pin=TP13-1
Removed Pin From Net: NetName=NetC66_2 Pin=TP14-1
Removed Member From Class: ClassName=U_DAC2 Member=TP6
Removed Member From Class: ClassName=U_DAC2 Member=TP7
Removed Member From Class: ClassName=U_DAC2 Member=TP8
Removed Member From Class: ClassName=U_DAC2 Member=TP9
Removed Member From Class: ClassName=U_DAC1 Member=TP11
Removed Member From Class: ClassName=U_DAC1 Member=TP12
Removed Member From Class: ClassName=U_DAC1 Member=TP13
Removed Member From Class: ClassName=U_DAC1 Member=TP14
Added Pin To Net: NetName=V_ref2 Pin=TP10-1
Added Pin To Net: NetName=V_ref1 Pin=TP11-1
Added Pin To Net: NetName=V_ref3 Pin=TP12-1
Added Pin To Net: NetName=NetC66_2 Pin=TP13-1
Change Net Name : Old Net Name=V_ref_DAC New Net Name=NetC60_2
Added Member To Class: ClassName=Top Member=Component TP6 Test Point
Added Member To Class: ClassName=Top Member=Component TP7 Test Point
Added Member To Class: ClassName=Top Member=Component TP8 Test Point
Added Member To Class: ClassName=Top Member=Component TP9 Test Point
Added Member To Class: ClassName=Top Member=Component TP11 Test Point
Added Member To Class: ClassName=Top Member=Component TP12 Test Point
Added Member To Class: ClassName=Top Member=Component TP13 Test Point
