Removed Pin From Net: NetName=NetC2_2 Pin=R4-1
Removed Pin From Net: NetName=NetJ1_CORE Pin=R4-2
Removed Pin From Net: NetName=NetC3_2 Pin=R8-1
Removed Pin From Net: NetName=NetJ2_CORE Pin=R8-2
Removed Pin From Net: NetName=NetC6_2 Pin=R14-1
Removed Pin From Net: NetName=NetJ3_CORE Pin=R14-2
Change Component Comment : Designator=C16 Old Comment=1uF/25V/X5R New Comment=1uF/50V/X5R
Change Component Comment : Designator=C21 Old Comment=1uF/25V/X5R New Comment=1uF/50V/X5R
Change Component Comment : Designator=C22 Old Comment=1uF/25V/X5R New Comment=1uF/50V/X5R
Change Component Comment : Designator=C50 Old Comment=10nF/50V/X7R New Comment=10nF/50V/C0G
Change Component Comment : Designator=R4 Old Comment=47R/1% New Comment=50R/1%
Change Component Comment : Designator=R8 Old Comment=47R/1% New Comment=50R/1%
Change Component Comment : Designator=R14 Old Comment=47R/1% New Comment=50R/1%
Change component parameters: Designator = "C16" ("C16"); Footprint = "sm_cap_0603"; UniqueID = "\SKYYVVXC\BPGFLRBD" ("\SKYYVVXC\BPGFLRBD")
Change component parameters (AddParameter): Name = "Distributor"; Value = "Mouser"; VariantName = "[No Variations]"
Change component parameters (AddParameter): Name = "Link"; Value = "https://cz.mouser.com/ProductDetail/TDK/C1608X5R1H105K080AB?qs=NRhsANhppD%252BLmxnPDqAv3A%3D%3D"; VariantName = "[No Variations]"
Change component parameters (AddParameter): Name = "Manufacturer"; Value = "TDK"; VariantName = "[No Variations]"
Change component parameters (AddParameter): Name = "Package"; Value = "0603"; VariantName = "[No Variations]"
Change component parameters (AddParameter): Name = "Part Number"; Value = "810-C1608X5R1H105K"; VariantName = "[No Variations]"
Change component parameters: Designator = "C21" ("C21"); Footprint = "sm_cap_0603"; UniqueID = "\SKYYVVXC\YIVJXUWL" ("\SKYYVVXC\YIVJXUWL")
Change component parameters (AddParameter): Name = "Distributor"; Value = "Mouser"; VariantName = "[No Variations]"
Change component parameters (AddParameter): Name = "Link"; Value = "https://cz.mouser.com/ProductDetail/TDK/C1608X5R1H105K080AB?qs=NRhsANhppD%252BLmxnPDqAv3A%3D%3D"; VariantName = "[No Variations]"
Change component parameters (AddParameter): Name = "Manufacturer"; Value = "TDK"; VariantName = "[No Variations]"
Change component parameters (AddParameter): Name = "Package"; Value = "0603"; VariantName = "[No Variations]"
Change component parameters (AddParameter): Name = "Part Number"; Value = "810-C1608X5R1H105K"; VariantName = "[No Variations]"
Change component parameters: Designator = "C22" ("C22"); Footprint = "sm_cap_0603"; UniqueID = "\SKYYVVXC\LQYUXNWA" ("\SKYYVVXC\LQYUXNWA")
Change component parameters (AddParameter): Name = "Distributor"; Value = "Mouser"; VariantName = "[No Variations]"
Change component parameters (AddParameter): Name = "Link"; Value = "https://cz.mouser.com/ProductDetail/TDK/C1608X5R1H105K080AB?qs=NRhsANhppD%252BLmxnPDqAv3A%3D%3D"; VariantName = "[No Variations]"
Change component parameters (AddParameter): Name = "Manufacturer"; Value = "TDK"; VariantName = "[No Variations]"
Change component parameters (AddParameter): Name = "Package"; Value = "0603"; VariantName = "[No Variations]"
Change component parameters (AddParameter): Name = "Part Number"; Value = "810-C1608X5R1H105K"; VariantName = "[No Variations]"
Change component parameters: Designator = "C50" ("C50"); Footprint = "sm_cap_0603"; UniqueID = "\AYKERJRG\UADPIJHB" ("\AYKERJRG\UADPIJHB")
Change component parameters (AddParameter): Name = "Distributor"; Value = "Mouser"; VariantName = "[No Variations]"
Change component parameters (AddParameter): Name = "Link"; Value = "http://cz.mouser.com/ProductDetail/Murata-Electronics/GRM1885C1H103JA01D/?qs=sGAEpiMZZMs0AnBnWHyRQP81ohtk65EYLjxkpOMiaYc%3d"; VariantName = "[No Variations]"
Change component parameters (AddParameter): Name = "Manufacturer"; Value = "Murata Electronics"; VariantName = "[No Variations]"
Change component parameters (AddParameter): Name = "Package"; Value = "0603"; VariantName = "[No Variations]"
Change component parameters (AddParameter): Name = "Part Number"; Value = "GRM1885C1H103JA01D"; VariantName = "[No Variations]"
Change component parameters: Designator = "R4" ("R4"); Footprint = "sm_res_0603"; UniqueID = "\EOZOEWGP" ("\EOZOEWGP")
Change component parameters (AddParameter): Name = "Distributor"; Value = "Mouser"; VariantName = "[No Variations]"
Change component parameters (AddParameter): Name = "Link"; Value = "http://cz.mouser.com/ProductDetail/Vishay/CRCW060350R0FKEA/?qs=sGAEpiMZZMvdGkrng054txCzvDpDazy7AJnNXXoMwoE%3d"; VariantName = "[No Variations]"
Change component parameters (AddParameter): Name = "Manufacturer"; Value = "Vishay"; VariantName = "[No Variations]"
Change component parameters (AddParameter): Name = "Package"; Value = "0603"; VariantName = "[No Variations]"
Change component parameters (AddParameter): Name = "Part Number"; Value = "CRCW060350R0FKEA"; VariantName = "[No Variations]"
Change component parameters: Designator = "R8" ("R8"); Footprint = "sm_res_0603"; UniqueID = "\XJMPPTKU" ("\XJMPPTKU")
Change component parameters (AddParameter): Name = "Distributor"; Value = "Mouser"; VariantName = "[No Variations]"
Change component parameters (AddParameter): Name = "Link"; Value = "http://cz.mouser.com/ProductDetail/Vishay/CRCW060350R0FKEA/?qs=sGAEpiMZZMvdGkrng054txCzvDpDazy7AJnNXXoMwoE%3d"; VariantName = "[No Variations]"
Change component parameters (AddParameter): Name = "Manufacturer"; Value = "Vishay"; VariantName = "[No Variations]"
Change component parameters (AddParameter): Name = "Package"; Value = "0603"; VariantName = "[No Variations]"
Change component parameters (AddParameter): Name = "Part Number"; Value = "CRCW060350R0FKEA"; VariantName = "[No Variations]"
Change component parameters: Designator = "R14" ("R14"); Footprint = "sm_res_0603"; UniqueID = "\YRBFSQZS" ("\YRBFSQZS")
Change component parameters (AddParameter): Name = "Distributor"; Value = "Mouser"; VariantName = "[No Variations]"
Change component parameters (AddParameter): Name = "Link"; Value = "http://cz.mouser.com/ProductDetail/Vishay/CRCW060350R0FKEA/?qs=sGAEpiMZZMvdGkrng054txCzvDpDazy7AJnNXXoMwoE%3d"; VariantName = "[No Variations]"
Change component parameters (AddParameter): Name = "Manufacturer"; Value = "Vishay"; VariantName = "[No Variations]"
Change component parameters (AddParameter): Name = "Package"; Value = "0603"; VariantName = "[No Variations]"
Change component parameters (AddParameter): Name = "Part Number"; Value = "CRCW060350R0FKEA"; VariantName = "[No Variations]"
Added Pin To Net: NetName=NetJ1_CORE Pin=R4-1
Added Pin To Net: NetName=NetC2_2 Pin=R4-2
Added Pin To Net: NetName=NetJ2_CORE Pin=R8-1
Added Pin To Net: NetName=NetC3_2 Pin=R8-2
Added Pin To Net: NetName=NetJ3_CORE Pin=R14-1
Added Pin To Net: NetName=NetC6_2 Pin=R14-2
