Change Component Physical Designator: Old Designator=C55_U_DAC1 New Designator=C61
Change Component Physical Designator: Old Designator=C56_U_DAC1 New Designator=C62
Change Component Physical Designator: Old Designator=C57_U_DAC1 New Designator=C63
Change Component Physical Designator: Old Designator=C58_U_DAC1 New Designator=C64
Change Component Physical Designator: Old Designator=C59_U_DAC1 New Designator=C65
Change Component Physical Designator: Old Designator=C60_U_DAC1 New Designator=C66
Change Component Physical Designator: Old Designator=C61_U_Sensor_Frontend2 New Designator=C94
Change Component Physical Designator: Old Designator=C61_U_Sensor_Frontend3 New Designator=C97
Change Component Physical Designator: Old Designator=C62_U_Sensor_Frontend2 New Designator=C95
Change Component Physical Designator: Old Designator=C62_U_Sensor_Frontend3 New Designator=C98
Change Component Physical Designator: Old Designator=C63_U_Sensor_Frontend2 New Designator=C96
Change Component Physical Designator: Old Designator=C63_U_Sensor_Frontend3 New Designator=C99
Change Component Physical Designator: Old Designator=J6_U_Sensor_Frontend2 New Designator=J6
Change Component Physical Designator: Old Designator=J6_U_Sensor_Frontend3 New Designator=J7
Change Component Physical Designator: Old Designator=L6_U_DAC1 New Designator=L7
Change Component Physical Designator: Old Designator=Q1_U_Sensor_Frontend1 New Designator=Q6
Change Component Physical Designator: Old Designator=Q1_U_Sensor_Frontend2 New Designator=Q8
Change Component Physical Designator: Old Designator=Q1_U_Sensor_Frontend3 New Designator=Q10
Change Component Physical Designator: Old Designator=Q6_U_Sensor_Frontend1 New Designator=Q7
Change Component Physical Designator: Old Designator=Q6_U_Sensor_Frontend2 New Designator=Q9
Change Component Physical Designator: Old Designator=Q6_U_Sensor_Frontend3 New Designator=Q11
Change Component Physical Designator: Old Designator=R64_U_DAC1 New Designator=R111
Change Component Physical Designator: Old Designator=R65_U_DAC1 New Designator=R112
Change Component Physical Designator: Old Designator=R66_U_DAC1 New Designator=R113
Change Component Physical Designator: Old Designator=R67_U_DAC1 New Designator=R114
Change Component Physical Designator: Old Designator=R68_U_DAC1 New Designator=R115
Change Component Physical Designator: Old Designator=R69_U_DAC1 New Designator=R116
Change Component Physical Designator: Old Designator=R70_U_DAC1 New Designator=R117
Change Component Physical Designator: Old Designator=R71_U_DAC1 New Designator=R118
Change Component Physical Designator: Old Designator=R72_U_Sensor_Frontend2 New Designator=R122
Change Component Physical Designator: Old Designator=R72_U_Sensor_Frontend3 New Designator=R128
Change Component Physical Designator: Old Designator=R73_U_Sensor_Frontend2 New Designator=R123
Change Component Physical Designator: Old Designator=R73_U_Sensor_Frontend3 New Designator=R129
Change Component Physical Designator: Old Designator=R74_U_Sensor_Frontend2 New Designator=R124
Change Component Physical Designator: Old Designator=R74_U_Sensor_Frontend3 New Designator=R130
Change Component Physical Designator: Old Designator=R84 New Designator=R72
Change Component Physical Designator: Old Designator=R85 New Designator=R73
Change Component Physical Designator: Old Designator=R86 New Designator=R74
Change Component Physical Designator: Old Designator=R87 New Designator=R75
Change Component Physical Designator: Old Designator=R88 New Designator=R76
Change Component Physical Designator: Old Designator=R89 New Designator=R77
Change Component Physical Designator: Old Designator=R90_U_Sensor_Frontend1 New Designator=R108
Change Component Physical Designator: Old Designator=R90_U_Sensor_Frontend2 New Designator=R119
Change Component Physical Designator: Old Designator=R90_U_Sensor_Frontend3 New Designator=R125
Change Component Physical Designator: Old Designator=R91_U_Sensor_Frontend1 New Designator=R109
Change Component Physical Designator: Old Designator=R91_U_Sensor_Frontend2 New Designator=R120
Change Component Physical Designator: Old Designator=R91_U_Sensor_Frontend3 New Designator=R126
Change Component Physical Designator: Old Designator=R92_U_Sensor_Frontend1 New Designator=R110
Change Component Physical Designator: Old Designator=R92_U_Sensor_Frontend2 New Designator=R121
Change Component Physical Designator: Old Designator=R92_U_Sensor_Frontend3 New Designator=R127
Change Component Physical Designator: Old Designator=TP6_U_DAC1 New Designator=TP11
Change Component Physical Designator: Old Designator=TP7_U_DAC1 New Designator=TP12
Change Component Physical Designator: Old Designator=TP8_U_DAC1 New Designator=TP13
Change Component Physical Designator: Old Designator=TP9_U_DAC1 New Designator=TP14
Change Component Physical Designator: Old Designator=U7_U_DAC1 New Designator=U14
