Change Component Comment : Designator=R37 Old Comment=12k/1% New Comment=10.0k
Change Component Comment : Designator=R35 Old Comment=27k/1% New Comment=12.0k
Change component parameters: Designator = "R35" ("R35"); Footprint = "sm_res_0603"; UniqueID = "\QUJLMIVA\FLOUXKWY" ("\QUJLMIVA\FLOUXKWY")
Change component parameters (AddParameter): Name = "Active"; Value = "1"; VariantName = "[No Variations]"
Change component parameters (AddParameter): Name = "Alternative"; Value = "1"; VariantName = "[No Variations]"
Change component parameters (AddParameter): Name = "Cat1"; Value = "Thick film"; VariantName = "[No Variations]"
Change component parameters (AddParameter): Name = "Cat2"; Value = "0603"; VariantName = "[No Variations]"
Change component parameters (AddParameter): Name = "ComponentLink1Description"; Value = "Datasheet"; VariantName = "[No Variations]"
Change component parameters (AddParameter): Name = "ComponentLink1URL"; Value = "https://riceproject.fel.zcu.cz/Altium/PDF/passive/resistors/ERJ_EKF_Panasonic.pdf"; VariantName = "[No Variations]"
Change component parameters (AddParameter): Name = "Designer"; Value = "LiPo"; VariantName = "[No Variations]"
Change component parameters (AddParameter): Name = "Exact price"; Value = "1"; VariantName = "[No Variations]"
Change component parameters (AddParameter): Name = "FIT"; Value = "0,100000001490116"; VariantName = "[No Variations]"
Change component parameters (AddParameter): Name = "ID"; Value = "460"; VariantName = "[No Variations]"
Change component parameters (AddParameter): Name = "LastRevisionDate"; Value = "11.5.2011"; VariantName = "[No Variations]"
Change component parameters (AddParameter): Name = "LastRevisionNote"; Value = "new release"; VariantName = "[No Variations]"
Change component parameters (AddParameter): Name = "Manuf Part Number"; Value = "ERJ3EKF1202V"; VariantName = "[No Variations]"
Change component parameters (AddParameter): Name = "Manufacturer"; Value = "Panasonic"; VariantName = "[No Variations]"
Change component parameters (AddParameter): Name = "ManufacturerID"; Value = "Panasonic"; VariantName = "[No Variations]"
Change component parameters (AddParameter): Name = "ManufacturerURL"; Value = "http://www.industrial.panasonic.com/"; VariantName = "[No Variations]"
Change component parameters (AddParameter): Name = "Max Oper Temperature"; Value = "125"; VariantName = "[No Variations]"
Change component parameters (AddParameter): Name = "Min Oper Temperature"; Value = "-55"; VariantName = "[No Variations]"
Change component parameters (AddParameter): Name = "Part Category"; Value = "Thick film/0603"; VariantName = "[No Variations]"
Change component parameters (AddParameter): Name = "Part Number"; Value = "RES_000099"; VariantName = "[No Variations]"
Change component parameters (AddParameter): Name = "Part Select"; Value = "SRES0001000300005120"; VariantName = "[No Variations]"
Change component parameters (AddParameter): Name = "Part type"; Value = "RES"; VariantName = "[No Variations]"
Change component parameters (AddParameter): Name = "PartNumber"; Value = "RES_000099"; VariantName = "[No Variations]"
Change component parameters (AddParameter): Name = "PartQuantity"; Value = "1"; VariantName = "[No Variations]"
Change component parameters (AddParameter): Name = "PCB Status"; Value = "Electrical"; VariantName = "[No Variations]"
Change component parameters (AddParameter): Name = "Power"; Value = "63mW"; VariantName = "[No Variations]"
Change component parameters (AddParameter): Name = "Price"; Value = "0,0044999998062849"; VariantName = "[No Variations]"
Change component parameters (AddParameter): Name = "Price 2"; Value = "0"; VariantName = "[No Variations]"
Change component parameters (AddParameter): Name = "Price 3"; Value = "0"; VariantName = "[No Variations]"
Change component parameters (AddParameter): Name = "Published"; Value = "11.5.2011"; VariantName = "[No Variations]"
Change component parameters (AddParameter): Name = "Publisher"; Value = "Libor Polacek"; VariantName = "[No Variations]"
Change component parameters (AddParameter): Name = "Quantity"; Value = "1"; VariantName = "[No Variations]"
Change component parameters (AddParameter): Name = "RoHS"; Value = "1"; VariantName = "[No Variations]"
Change component parameters (AddParameter): Name = "Stock"; Value = "8388"; VariantName = "[No Variations]"
Change component parameters (AddParameter): Name = "Supp Part number"; Value = "P12.0kHTR-ND"; VariantName = "[No Variations]"
Change component parameters (AddParameter): Name = "Supplier"; Value = "Digikey"; VariantName = "[No Variations]"
Change component parameters (AddParameter): Name = "Supplier2"; Value = "N/A"; VariantName = "[No Variations]"
Change component parameters (AddParameter): Name = "Supplier3"; Value = "N/A"; VariantName = "[No Variations]"
Change component parameters (AddParameter): Name = "SupplierID"; Value = "Digikey"; VariantName = "[No Variations]"
Change component parameters (AddParameter): Name = "SupplierID2"; Value = "no supplier"; VariantName = "[No Variations]"
Change component parameters (AddParameter): Name = "SupplierID3"; Value = "no supplier"; VariantName = "[No Variations]"
Change component parameters (AddParameter): Name = "SupplierURL"; Value = "http://www.digikey.com/"; VariantName = "[No Variations]"
Change component parameters (AddParameter): Name = "SupplierURL2"; Value = "N/A"; VariantName = "[No Variations]"
Change component parameters (AddParameter): Name = "SupplierURL3"; Value = "N/A"; VariantName = "[No Variations]"
Change component parameters (AddParameter): Name = "Thermal Stability"; Value = "100ppm"; VariantName = "[No Variations]"
Change component parameters (AddParameter): Name = "Tolerance"; Value = "1%"; VariantName = "[No Variations]"
Change component parameters (AddParameter): Name = "Value"; Value = "12.0k"; VariantName = "[No Variations]"
Change component parameters: Designator = "R37" ("R37"); Footprint = "sm_res_0603"; UniqueID = "\QUJLMIVA\MNNPSXQW" ("\QUJLMIVA\MNNPSXQW")
Change component parameters (AddParameter): Name = "Active"; Value = "1"; VariantName = "[No Variations]"
Change component parameters (AddParameter): Name = "Alternative"; Value = "1"; VariantName = "[No Variations]"
Change component parameters (AddParameter): Name = "Cat1"; Value = "Thick film"; VariantName = "[No Variations]"
Change component parameters (AddParameter): Name = "Cat2"; Value = "0603"; VariantName = "[No Variations]"
Change component parameters (AddParameter): Name = "ComponentLink1Description"; Value = "Datasheet"; VariantName = "[No Variations]"
Change component parameters (AddParameter): Name = "ComponentLink1URL"; Value = "https://riceproject.fel.zcu.cz/Altium/PDF/Passive\Resistors\crcwce3-vishay.pdf"; VariantName = "[No Variations]"
Change component parameters (AddParameter): Name = "Designer"; Value = "Libor Polacek"; VariantName = "[No Variations]"
Change component parameters (AddParameter): Name = "Exact price"; Value = "1"; VariantName = "[No Variations]"
Change component parameters (AddParameter): Name = "Exact price 2"; Value = "0"; VariantName = "[No Variations]"
Change component parameters (AddParameter): Name = "Exact price 3"; Value = "0"; VariantName = "[No Variations]"
Change component parameters (AddParameter): Name = "FIT"; Value = "0,100000001490116"; VariantName = "[No Variations]"
Change component parameters (AddParameter): Name = "ID"; Value = "8050"; VariantName = "[No Variations]"
Change component parameters (AddParameter): Name = "LastRevisionDate"; Value = "11.5.2011"; VariantName = "[No Variations]"
Change component parameters (AddParameter): Name = "LastRevisionNote"; Value = "new release"; VariantName = "[No Variations]"
Change component parameters (AddParameter): Name = "Manuf Part Number"; Value = "CRCW060310K0FKEA"; VariantName = "[No Variations]"
Change component parameters (AddParameter): Name = "Manufacturer"; Value = "Vishay"; VariantName = "[No Variations]"
Change component parameters (AddParameter): Name = "ManufacturerID"; Value = "Vishay"; VariantName = "[No Variations]"
Change component parameters (AddParameter): Name = "ManufacturerURL"; Value = "http://www.vishay.com/"; VariantName = "[No Variations]"
Change component parameters (AddParameter): Name = "Max Oper Temperature"; Value = "125"; VariantName = "[No Variations]"
Change component parameters (AddParameter): Name = "Min Oper Temperature"; Value = "-55"; VariantName = "[No Variations]"
Change component parameters (AddParameter): Name = "Part Category"; Value = "Thick film/0603"; VariantName = "[No Variations]"
Change component parameters (AddParameter): Name = "Part Number"; Value = "RES_000886"; VariantName = "[No Variations]"
Change component parameters (AddParameter): Name = "Part Select"; Value = "SRES0001000300005100"; VariantName = "[No Variations]"
Change component parameters (AddParameter): Name = "Part type"; Value = "RES"; VariantName = "[No Variations]"
Change component parameters (AddParameter): Name = "PartNumber"; Value = "RES_000886"; VariantName = "[No Variations]"
Change component parameters (AddParameter): Name = "PartQuantity"; Value = "1"; VariantName = "[No Variations]"
Change component parameters (AddParameter): Name = "PCB Status"; Value = "Electrical"; VariantName = "[No Variations]"
Change component parameters (AddParameter): Name = "Power"; Value = "100mW"; VariantName = "[No Variations]"
Change component parameters (AddParameter): Name = "Preference"; Value = "0"; VariantName = "[No Variations]"
Change component parameters (AddParameter): Name = "Price"; Value = "0,889999985694885"; VariantName = "[No Variations]"
Change component parameters (AddParameter): Name = "Price 2"; Value = "0"; VariantName = "[No Variations]"
Change component parameters (AddParameter): Name = "Price 3"; Value = "0"; VariantName = "[No Variations]"
Change component parameters (AddParameter): Name = "Published"; Value = "11.5.2011"; VariantName = "[No Variations]"
Change component parameters (AddParameter): Name = "Publisher"; Value = "Libor Polacek"; VariantName = "[No Variations]"
Change component parameters (AddParameter): Name = "RoHS"; Value = "1"; VariantName = "[No Variations]"
Change component parameters (AddParameter): Name = "Stock"; Value = "0"; VariantName = "[No Variations]"
Change component parameters (AddParameter): Name = "Supp Part number"; Value = "71-CRCW0603-10K-E3"; VariantName = "[No Variations]"
Change component parameters (AddParameter): Name = "Supplier"; Value = "Mouser Electronics"; VariantName = "[No Variations]"
Change component parameters (AddParameter): Name = "Supplier2"; Value = "N/A"; VariantName = "[No Variations]"
Change component parameters (AddParameter): Name = "Supplier3"; Value = "N/A"; VariantName = "[No Variations]"
Change component parameters (AddParameter): Name = "SupplierID"; Value = "Mouser"; VariantName = "[No Variations]"
Change component parameters (AddParameter): Name = "SupplierID2"; Value = "no supplier"; VariantName = "[No Variations]"
Change component parameters (AddParameter): Name = "SupplierID3"; Value = "no supplier"; VariantName = "[No Variations]"
Change component parameters (AddParameter): Name = "SupplierURL"; Value = "http://www.mouser.com"; VariantName = "[No Variations]"
Change component parameters (AddParameter): Name = "SupplierURL2"; Value = "N/A"; VariantName = "[No Variations]"
Change component parameters (AddParameter): Name = "SupplierURL3"; Value = "N/A"; VariantName = "[No Variations]"
Change component parameters (AddParameter): Name = "Thermal Stability"; Value = "100ppm"; VariantName = "[No Variations]"
Change component parameters (AddParameter): Name = "Tolerance"; Value = "1%"; VariantName = "[No Variations]"
Change component parameters (AddParameter): Name = "Value"; Value = "10.0k"; VariantName = "[No Variations]"
