Removed Member From Class: ClassName=U_MCU Member=C116
Removed Member From Class: ClassName=U_MCU Member=C117
Removed Member From Class: ClassName=HV Member=NetC77_2
Removed Member From Class: ClassName=HV Member=NetC110_2
Removed Member From Class: ClassName=HV Member=NetC113_2
Change Component Designator: OldDesignator=C65 NewDesignator=C67
Change Component Designator: OldDesignator=C66 NewDesignator=C68
Change Component Designator: OldDesignator=C67 NewDesignator=C69
Change Component Designator: OldDesignator=C68 NewDesignator=C70
Change Component Designator: OldDesignator=C69 NewDesignator=C71
Change Component Designator: OldDesignator=C70 NewDesignator=C72
Change Component Designator: OldDesignator=C71 NewDesignator=C73
Change Component Designator: OldDesignator=C72 NewDesignator=C74
Change Component Designator: OldDesignator=C73 NewDesignator=C75
Change Component Designator: OldDesignator=C74 NewDesignator=C76
Change Component Designator: OldDesignator=C75 NewDesignator=C77
Change Component Designator: OldDesignator=C76 NewDesignator=C78
Change Component Designator: OldDesignator=C77 NewDesignator=C79
Change Component Designator: OldDesignator=C78 NewDesignator=C80
Change Component Designator: OldDesignator=C79 NewDesignator=C81
Change Component Designator: OldDesignator=C80 NewDesignator=C82
Change Component Designator: OldDesignator=C81 NewDesignator=C83
Change Component Designator: OldDesignator=C82 NewDesignator=C84
Change Component Designator: OldDesignator=C83 NewDesignator=C85
Change Component Designator: OldDesignator=C84 NewDesignator=C86
Change Component Designator: OldDesignator=C85 NewDesignator=C87
Change Component Designator: OldDesignator=C86 NewDesignator=C88
Change Component Designator: OldDesignator=C87 NewDesignator=C89
Change Component Designator: OldDesignator=C88 NewDesignator=C90
Change Component Designator: OldDesignator=C89 NewDesignator=C91
Change Component Designator: OldDesignator=C90 NewDesignator=C92
Change Component Designator: OldDesignator=C91 NewDesignator=C93
Change Component Designator: OldDesignator=C92 NewDesignator=C94
Change Component Designator: OldDesignator=C93 NewDesignator=C95
Change Component Designator: OldDesignator=C94 NewDesignator=C96
Change Component Designator: OldDesignator=C95 NewDesignator=C97
Change Component Designator: OldDesignator=C96 NewDesignator=C98
Change Component Designator: OldDesignator=C97 NewDesignator=C99
Change Component Designator: OldDesignator=C98 NewDesignator=C100
Change Component Designator: OldDesignator=C99 NewDesignator=C101
Change Component Designator: OldDesignator=C100 NewDesignator=C102
Change Component Designator: OldDesignator=C101 NewDesignator=C103
Change Component Designator: OldDesignator=C102 NewDesignator=C104
Change Component Designator: OldDesignator=C103 NewDesignator=C105
Change Component Designator: OldDesignator=C104 NewDesignator=C106
Change Component Designator: OldDesignator=C105 NewDesignator=C107
Change Component Designator: OldDesignator=C106 NewDesignator=C108
Change Component Designator: OldDesignator=C107 NewDesignator=C109
Change Component Designator: OldDesignator=C108 NewDesignator=C110
Change Component Designator: OldDesignator=C109 NewDesignator=C111
Change Component Designator: OldDesignator=C110 NewDesignator=C112
Change Component Designator: OldDesignator=C111 NewDesignator=C113
Change Component Designator: OldDesignator=C112 NewDesignator=C114
Change Component Designator: OldDesignator=C113 NewDesignator=C115
Change Component Designator: OldDesignator=C114 NewDesignator=C116
Change Component Designator: OldDesignator=C115 NewDesignator=C117
Change Component Designator: OldDesignator=C116 NewDesignator=C65
Change Component Designator: OldDesignator=C117 NewDesignator=C66
Change Net Name : Old Net Name=NetC65_2 New Net Name=NetC67_2
Change Net Name : Old Net Name=NetC66_2 New Net Name=NetC68_2
Change Net Name : Old Net Name=NetC67_2 New Net Name=NetC69_2
Change Net Name : Old Net Name=NetC71_2 New Net Name=NetC73_2
Change Net Name : Old Net Name=NetC76_2 New Net Name=NetC78_2
Change Net Name : Old Net Name=NetC77_2 New Net Name=NetC79_2
Change Net Name : Old Net Name=NetC79_2 New Net Name=NetC81_2
Change Net Name : Old Net Name=NetC80_1 New Net Name=NetC82_1
Change Net Name : Old Net Name=NetC80_2 New Net Name=NetC82_2
Change Net Name : Old Net Name=NetC83_2 New Net Name=NetC85_2
Change Net Name : Old Net Name=NetC85_1 New Net Name=NetC87_1
Change Net Name : Old Net Name=NetC85_2 New Net Name=NetC87_2
Change Net Name : Old Net Name=NetC88_2 New Net Name=NetC90_2
Change Net Name : Old Net Name=NetC90_1 New Net Name=NetC92_1
Change Net Name : Old Net Name=NetC90_2 New Net Name=NetC92_2
Change Net Name : Old Net Name=NetC93_2 New Net Name=NetC95_2
Change Net Name : Old Net Name=NetC104_2 New Net Name=NetC106_2
Change Net Name : Old Net Name=NetC109_2 New Net Name=NetC111_2
Change Net Name : Old Net Name=NetC110_2 New Net Name=NetC112_2
Change Net Name : Old Net Name=NetC112_2 New Net Name=NetC114_2
Change Net Name : Old Net Name=NetC113_2 New Net Name=NetC115_2
Change Net Name : Old Net Name=NetC115_2 New Net Name=NetC117_2
Change Net Name : Old Net Name=NetC116_2 New Net Name=NetC65_2
Change Net Name : Old Net Name=NetC117_1 New Net Name=NetC66_1
Added Member To Class: ClassName=U_MCU Member=Component C68 100nF/50V/X7R
Added Member To Class: ClassName=U_MCU Member=Component C69 100nF/50V/X7R
Added Member To Class: ClassName=HV Member=Wire NetC79_2
Added Member To Class: ClassName=HV Member=Wire NetC112_2
Added Member To Class: ClassName=HV Member=Wire NetC115_2
