Change Component Physical Designator: Old Designator=C4 New Designator=C5
Change Component Physical Designator: Old Designator=C5 New Designator=C6
Change Component Physical Designator: Old Designator=C6 New Designator=C8
Change Component Physical Designator: Old Designator=C8 New Designator=C9
Change Component Physical Designator: Old Designator=C9 New Designator=C10
Change Component Physical Designator: Old Designator=C10 New Designator=C11
Change Component Physical Designator: Old Designator=C11 New Designator=C12
Change Component Physical Designator: Old Designator=C12 New Designator=C13
Change Component Physical Designator: Old Designator=C13 New Designator=C14
Change Component Physical Designator: Old Designator=C14 New Designator=C24
Change Component Physical Designator: Old Designator=C15 New Designator=C26
Change Component Physical Designator: Old Designator=C16 New Designator=C29
Change Component Physical Designator: Old Designator=C17 New Designator=C30
Change Component Physical Designator: Old Designator=C18 New Designator=C31
Change Component Physical Designator: Old Designator=C19 New Designator=C32
Change Component Physical Designator: Old Designator=C20 New Designator=C33
Change Component Physical Designator: Old Designator=C21 New Designator=C34
Change Component Physical Designator: Old Designator=C22 New Designator=C35
Change Component Physical Designator: Old Designator=C23 New Designator=C36
Change Component Physical Designator: Old Designator=C24 New Designator=C37
Change Component Physical Designator: Old Designator=C25 New Designator=C38
Change Component Physical Designator: Old Designator=C26 New Designator=C39
Change Component Physical Designator: Old Designator=C27 New Designator=C40
Change Component Physical Designator: Old Designator=C28 New Designator=C41
Change Component Physical Designator: Old Designator=C29 New Designator=C42
Change Component Physical Designator: Old Designator=C30 New Designator=C43
Change Component Physical Designator: Old Designator=C31 New Designator=C44
Change Component Physical Designator: Old Designator=C32 New Designator=C45
Change Component Physical Designator: Old Designator=C33 New Designator=C48
Change Component Physical Designator: Old Designator=C34 New Designator=C49
Change Component Physical Designator: Old Designator=C35 New Designator=C50
Change Component Physical Designator: Old Designator=C36 New Designator=C51
Change Component Physical Designator: Old Designator=C37 New Designator=C52
Change Component Physical Designator: Old Designator=C38 New Designator=C53
Change Component Physical Designator: Old Designator=C39 New Designator=C54
Change Component Physical Designator: Old Designator=C40 New Designator=C55
Change Component Physical Designator: Old Designator=C41 New Designator=C56
Change Component Physical Designator: Old Designator=C42 New Designator=C57
Change Component Physical Designator: Old Designator=C43 New Designator=C58
Change Component Physical Designator: Old Designator=C44 New Designator=C59
Change Component Physical Designator: Old Designator=C45 New Designator=C60
Change Component Physical Designator: Old Designator=C46 New Designator=C61
Change Component Physical Designator: Old Designator=C47 New Designator=C62
Change Component Physical Designator: Old Designator=C48 New Designator=C63
Change Component Physical Designator: Old Designator=C49 New Designator=C64
Change Component Physical Designator: Old Designator=C50 New Designator=C65
Change Component Physical Designator: Old Designator=C51 New Designator=C66
Change Component Physical Designator: Old Designator=C52 New Designator=C67
Change Component Physical Designator: Old Designator=C53 New Designator=C68
Change Component Physical Designator: Old Designator=C54 New Designator=C69
Change Component Physical Designator: Old Designator=C55 New Designator=C70
Change Component Physical Designator: Old Designator=C56 New Designator=C71
Change Component Physical Designator: Old Designator=C57 New Designator=C72
Change Component Physical Designator: Old Designator=C58 New Designator=C73
Change Component Physical Designator: Old Designator=C59 New Designator=C74
Change Component Physical Designator: Old Designator=C60 New Designator=C75
Change Component Physical Designator: Old Designator=C61 New Designator=C76
Change Component Physical Designator: Old Designator=C62 New Designator=C77
Change Component Physical Designator: Old Designator=C63 New Designator=C78
Change Component Physical Designator: Old Designator=C64 New Designator=C79
Change Component Physical Designator: Old Designator=C65 New Designator=C80
Change Component Physical Designator: Old Designator=C66 New Designator=C81
Change Component Physical Designator: Old Designator=C67 New Designator=C82
Change Component Physical Designator: Old Designator=C68 New Designator=C83
Change Component Physical Designator: Old Designator=C69 New Designator=C84
Change Component Physical Designator: Old Designator=C70 New Designator=C85
Change Component Physical Designator: Old Designator=C71 New Designator=C86
Change Component Physical Designator: Old Designator=C72 New Designator=C87
Change Component Physical Designator: Old Designator=C73 New Designator=C88
Change Component Physical Designator: Old Designator=C74 New Designator=C89
Change Component Physical Designator: Old Designator=C75 New Designator=C90
Change Component Physical Designator: Old Designator=C76 New Designator=C91
Change Component Physical Designator: Old Designator=C77 New Designator=C92
Change Component Physical Designator: Old Designator=C78 New Designator=C93
Change Component Physical Designator: Old Designator=C79 New Designator=C94
Change Component Physical Designator: Old Designator=C80 New Designator=C95
Change Component Physical Designator: Old Designator=C81 New Designator=C96
Change Component Physical Designator: Old Designator=C82 New Designator=C97
Change Component Physical Designator: Old Designator=C83 New Designator=C98
Change Component Physical Designator: Old Designator=C84 New Designator=C99
Change Component Physical Designator: Old Designator=C85 New Designator=C100
Change Component Physical Designator: Old Designator=C86 New Designator=C101
Change Component Physical Designator: Old Designator=C87 New Designator=C102
Change Component Physical Designator: Old Designator=C88 New Designator=C103
Change Component Physical Designator: Old Designator=C89 New Designator=C104
Change Component Physical Designator: Old Designator=C90 New Designator=C105
Change Component Physical Designator: Old Designator=C91 New Designator=C106
Change Component Physical Designator: Old Designator=C92 New Designator=C107
Change Component Physical Designator: Old Designator=C93 New Designator=C108
Change Component Physical Designator: Old Designator=C94 New Designator=C109
Change Component Physical Designator: Old Designator=C95 New Designator=C110
Change Component Physical Designator: Old Designator=C96 New Designator=C111
Change Component Physical Designator: Old Designator=C97 New Designator=C112
Change Component Physical Designator: Old Designator=C98 New Designator=C113
Change Component Physical Designator: Old Designator=C99 New Designator=C114
Change Component Physical Designator: Old Designator=C100 New Designator=C115
Change Component Physical Designator: Old Designator=C101 New Designator=C15
Change Component Physical Designator: Old Designator=C102 New Designator=C16
Change Component Physical Designator: Old Designator=C103 New Designator=C17
Change Component Physical Designator: Old Designator=C104 New Designator=C18
Change Component Physical Designator: Old Designator=C105 New Designator=C19
Change Component Physical Designator: Old Designator=C106 New Designator=C20
Change Component Physical Designator: Old Designator=C107 New Designator=C21
Change Component Physical Designator: Old Designator=C108 New Designator=C22
Change Component Physical Designator: Old Designator=C109 New Designator=C23
Change Component Physical Designator: Old Designator=C110 New Designator=C25
Change Component Physical Designator: Old Designator=C111 New Designator=C27
Change Component Physical Designator: Old Designator=C112 New Designator=C28
Change Component Physical Designator: Old Designator=C113 New Designator=C4
Change Component Physical Designator: Old Designator=C114 New Designator=C46
Change Component Physical Designator: Old Designator=C115 New Designator=C47
Change Component Physical Designator: Old Designator=D8 New Designator=D9
Change Component Physical Designator: Old Designator=D9 New Designator=D10
Change Component Physical Designator: Old Designator=D10 New Designator=D8
Change Component Physical Designator: Old Designator=J4 New Designator=J5
Change Component Physical Designator: Old Designator=J5 New Designator=J6
Change Component Physical Designator: Old Designator=J6 New Designator=J8
Change Component Physical Designator: Old Designator=J7 New Designator=J9
Change Component Physical Designator: Old Designator=J8 New Designator=J10
Change Component Physical Designator: Old Designator=J9 New Designator=J7
Change Component Physical Designator: Old Designator=J10 New Designator=J4
Change Component Physical Designator: Old Designator=LED4 New Designator=LED6
Change Component Physical Designator: Old Designator=LED5 New Designator=LED7
Change Component Physical Designator: Old Designator=LED6 New Designator=LED8
Change Component Physical Designator: Old Designator=LED7 New Designator=LED9
Change Component Physical Designator: Old Designator=LED8 New Designator=LED10
Change Component Physical Designator: Old Designator=LED9 New Designator=LED11
Change Component Physical Designator: Old Designator=LED10 New Designator=LED4
Change Component Physical Designator: Old Designator=LED11 New Designator=LED5
Change Component Physical Designator: Old Designator=R5 New Designator=R1
Change Component Physical Designator: Old Designator=R6 New Designator=R2
Change Component Physical Designator: Old Designator=R7 New Designator=R3
Change Component Physical Designator: Old Designator=R8 New Designator=R4
Change Component Physical Designator: Old Designator=R9 New Designator=R5
Change Component Physical Designator: Old Designator=R10 New Designator=R6
Change Component Physical Designator: Old Designator=R11 New Designator=R7
Change Component Physical Designator: Old Designator=R12 New Designator=R8
Change Component Physical Designator: Old Designator=R13 New Designator=R9
Change Component Physical Designator: Old Designator=R14 New Designator=R10
Change Component Physical Designator: Old Designator=R15 New Designator=R11
Change Component Physical Designator: Old Designator=R16 New Designator=R12
Change Component Physical Designator: Old Designator=R17 New Designator=R13
Change Component Physical Designator: Old Designator=R18 New Designator=R14
Change Component Physical Designator: Old Designator=R19 New Designator=R16
Change Component Physical Designator: Old Designator=R20 New Designator=R15
Change Component Physical Designator: Old Designator=R21 New Designator=R18
Change Component Physical Designator: Old Designator=R22 New Designator=R17
Change Component Physical Designator: Old Designator=R23 New Designator=R19
Change Component Physical Designator: Old Designator=R24 New Designator=R20
Change Component Physical Designator: Old Designator=R25 New Designator=R21
Change Component Physical Designator: Old Designator=R26 New Designator=R22
Change Component Physical Designator: Old Designator=R27 New Designator=R23
Change Component Physical Designator: Old Designator=R28 New Designator=R24
Change Component Physical Designator: Old Designator=R29 New Designator=R25
Change Component Physical Designator: Old Designator=R30 New Designator=R26
Change Component Physical Designator: Old Designator=R31 New Designator=R27
Change Component Physical Designator: Old Designator=R32 New Designator=R35
Change Component Physical Designator: Old Designator=R33 New Designator=R36
Change Component Physical Designator: Old Designator=R34 New Designator=R37
Change Component Physical Designator: Old Designator=R35 New Designator=R38
Change Component Physical Designator: Old Designator=R36 New Designator=R39
Change Component Physical Designator: Old Designator=R37 New Designator=R40
Change Component Physical Designator: Old Designator=R38 New Designator=R41
Change Component Physical Designator: Old Designator=R39 New Designator=R42
Change Component Physical Designator: Old Designator=R40 New Designator=R43
Change Component Physical Designator: Old Designator=R41 New Designator=R44
Change Component Physical Designator: Old Designator=R42 New Designator=R45
Change Component Physical Designator: Old Designator=R43 New Designator=R46
Change Component Physical Designator: Old Designator=R44 New Designator=R49
Change Component Physical Designator: Old Designator=R45 New Designator=R50
Change Component Physical Designator: Old Designator=R46 New Designator=R51
Change Component Physical Designator: Old Designator=R47 New Designator=R52
Change Component Physical Designator: Old Designator=R48 New Designator=R53
Change Component Physical Designator: Old Designator=R49 New Designator=R54
Change Component Physical Designator: Old Designator=R50 New Designator=R55
Change Component Physical Designator: Old Designator=R51 New Designator=R56
Change Component Physical Designator: Old Designator=R52 New Designator=R57
Change Component Physical Designator: Old Designator=R53 New Designator=R58
Change Component Physical Designator: Old Designator=R54 New Designator=R59
Change Component Physical Designator: Old Designator=R55 New Designator=R62
Change Component Physical Designator: Old Designator=R56 New Designator=R63
Change Component Physical Designator: Old Designator=R57 New Designator=R64
Change Component Physical Designator: Old Designator=R58 New Designator=R65
Change Component Physical Designator: Old Designator=R59 New Designator=R66
Change Component Physical Designator: Old Designator=R60 New Designator=R67
Change Component Physical Designator: Old Designator=R61 New Designator=R68
Change Component Physical Designator: Old Designator=R62 New Designator=R69
Change Component Physical Designator: Old Designator=R63 New Designator=R70
Change Component Physical Designator: Old Designator=R64 New Designator=R71
Change Component Physical Designator: Old Designator=R65 New Designator=R72
Change Component Physical Designator: Old Designator=R66 New Designator=R73
Change Component Physical Designator: Old Designator=R67 New Designator=R74
Change Component Physical Designator: Old Designator=R68 New Designator=R75
Change Component Physical Designator: Old Designator=R69 New Designator=R76
Change Component Physical Designator: Old Designator=R70 New Designator=R77
Change Component Physical Designator: Old Designator=R71 New Designator=R78
Change Component Physical Designator: Old Designator=R72 New Designator=R79
Change Component Physical Designator: Old Designator=R73 New Designator=R80
Change Component Physical Designator: Old Designator=R74 New Designator=R81
Change Component Physical Designator: Old Designator=R75 New Designator=R82
Change Component Physical Designator: Old Designator=R76 New Designator=R83
Change Component Physical Designator: Old Designator=R77 New Designator=R84
Change Component Physical Designator: Old Designator=R78 New Designator=R85
Change Component Physical Designator: Old Designator=R79 New Designator=R86
Change Component Physical Designator: Old Designator=R80 New Designator=R87
Change Component Physical Designator: Old Designator=R81 New Designator=R88
Change Component Physical Designator: Old Designator=R82 New Designator=R89
Change Component Physical Designator: Old Designator=R83 New Designator=R90
Change Component Physical Designator: Old Designator=R84 New Designator=R91
Change Component Physical Designator: Old Designator=R85 New Designator=R92
Change Component Physical Designator: Old Designator=R86 New Designator=R93
Change Component Physical Designator: Old Designator=R87 New Designator=R94
Change Component Physical Designator: Old Designator=R88 New Designator=R95
Change Component Physical Designator: Old Designator=R89 New Designator=R96
Change Component Physical Designator: Old Designator=R90 New Designator=R97
Change Component Physical Designator: Old Designator=R91 New Designator=R98
Change Component Physical Designator: Old Designator=R92 New Designator=R99
Change Component Physical Designator: Old Designator=R93 New Designator=R100
Change Component Physical Designator: Old Designator=R94 New Designator=R101
Change Component Physical Designator: Old Designator=R95 New Designator=R102
Change Component Physical Designator: Old Designator=R96 New Designator=R103
Change Component Physical Designator: Old Designator=R97 New Designator=R104
Change Component Physical Designator: Old Designator=R98 New Designator=R105
Change Component Physical Designator: Old Designator=R99 New Designator=R106
Change Component Physical Designator: Old Designator=R100 New Designator=R107
Change Component Physical Designator: Old Designator=R101 New Designator=R108
Change Component Physical Designator: Old Designator=R102 New Designator=R109
Change Component Physical Designator: Old Designator=R103 New Designator=R110
Change Component Physical Designator: Old Designator=R104 New Designator=R111
Change Component Physical Designator: Old Designator=R105 New Designator=R112
Change Component Physical Designator: Old Designator=R106 New Designator=R113
Change Component Physical Designator: Old Designator=R107 New Designator=R114
Change Component Physical Designator: Old Designator=R108 New Designator=R115
Change Component Physical Designator: Old Designator=R109 New Designator=R116
Change Component Physical Designator: Old Designator=R110 New Designator=R117
Change Component Physical Designator: Old Designator=R111 New Designator=R118
Change Component Physical Designator: Old Designator=R112 New Designator=R119
Change Component Physical Designator: Old Designator=R113 New Designator=R120
Change Component Physical Designator: Old Designator=R114 New Designator=R121
Change Component Physical Designator: Old Designator=R115 New Designator=R122
Change Component Physical Designator: Old Designator=R116 New Designator=R123
Change Component Physical Designator: Old Designator=R117 New Designator=R124
Change Component Physical Designator: Old Designator=R118 New Designator=R125
Change Component Physical Designator: Old Designator=R119 New Designator=R126
Change Component Physical Designator: Old Designator=R120 New Designator=R127
Change Component Physical Designator: Old Designator=R121 New Designator=R128
Change Component Physical Designator: Old Designator=R122 New Designator=R129
Change Component Physical Designator: Old Designator=R123 New Designator=R130
Change Component Physical Designator: Old Designator=R124 New Designator=R131
Change Component Physical Designator: Old Designator=R125 New Designator=R132
Change Component Physical Designator: Old Designator=R126 New Designator=R133
Change Component Physical Designator: Old Designator=R127 New Designator=R134
Change Component Physical Designator: Old Designator=R128 New Designator=R135
Change Component Physical Designator: Old Designator=R129 New Designator=R136
Change Component Physical Designator: Old Designator=R130 New Designator=R137
Change Component Physical Designator: Old Designator=R131 New Designator=R138
Change Component Physical Designator: Old Designator=R132 New Designator=R139
Change Component Physical Designator: Old Designator=R133 New Designator=R140
Change Component Physical Designator: Old Designator=R134 New Designator=R141
Change Component Physical Designator: Old Designator=R135 New Designator=R142
Change Component Physical Designator: Old Designator=R136 New Designator=R143
Change Component Physical Designator: Old Designator=R137 New Designator=R144
Change Component Physical Designator: Old Designator=R138 New Designator=R145
Change Component Physical Designator: Old Designator=R139 New Designator=R28
Change Component Physical Designator: Old Designator=R140 New Designator=R29
Change Component Physical Designator: Old Designator=R141 New Designator=R30
Change Component Physical Designator: Old Designator=R142 New Designator=R31
Change Component Physical Designator: Old Designator=R143 New Designator=R32
Change Component Physical Designator: Old Designator=R144 New Designator=R33
Change Component Physical Designator: Old Designator=R145 New Designator=R34
Change Component Physical Designator: Old Designator=R146 New Designator=R47
Change Component Physical Designator: Old Designator=R147 New Designator=R48
Change Component Physical Designator: Old Designator=R148 New Designator=R60
Change Component Physical Designator: Old Designator=R149 New Designator=R61
Change Component Physical Designator: Old Designator=U2 New Designator=U3
Change Component Physical Designator: Old Designator=U3 New Designator=U6
Change Component Physical Designator: Old Designator=U4 New Designator=U8
Change Component Physical Designator: Old Designator=U5 New Designator=U9
Change Component Physical Designator: Old Designator=U6 New Designator=U10
Change Component Physical Designator: Old Designator=U6 New Designator=U10
Change Component Physical Designator: Old Designator=U7 New Designator=U11
Change Component Physical Designator: Old Designator=U8 New Designator=U12
Change Component Physical Designator: Old Designator=U9 New Designator=U13
Change Component Physical Designator: Old Designator=U10 New Designator=U14
Change Component Physical Designator: Old Designator=U11 New Designator=U15
Change Component Physical Designator: Old Designator=U12 New Designator=U16
Change Component Physical Designator: Old Designator=U13 New Designator=U17
Change Component Physical Designator: Old Designator=U14 New Designator=U18
Change Component Physical Designator: Old Designator=U15 New Designator=U19
Change Component Physical Designator: Old Designator=U16 New Designator=U4
Change Component Physical Designator: Old Designator=U17 New Designator=U5
Change Component Physical Designator: Old Designator=U18 New Designator=U7
Change Component Physical Designator: Old Designator=U19 New Designator=U2
