Change Component Designator: Old Designator=C6 New Designator=C8
Change Component Designator: Old Designator=C8 New Designator=C9
Change Component Designator: Old Designator=C9 New Designator=C10
Change Component Designator: Old Designator=C10 New Designator=C11
Change Component Designator: Old Designator=C11 New Designator=C12
Change Component Designator: Old Designator=C12 New Designator=C13
Change Component Designator: Old Designator=C13 New Designator=C14
Change Component Designator: Old Designator=C73 New Designator=C15
Change Component Designator: Old Designator=C74 New Designator=C16
Change Component Designator: Old Designator=C75 New Designator=C17
Change Component Designator: Old Designator=C76 New Designator=C18
Change Component Designator: Old Designator=C77 New Designator=C19
Change Component Designator: Old Designator=C78 New Designator=C20
Change Component Designator: Old Designator=C79 New Designator=C21
Change Component Designator: Old Designator=C80 New Designator=C22
Change Component Designator: Old Designator=C81 New Designator=C23
Change Component Designator: Old Designator=J4 New Designator=J5
Change Component Designator: Old Designator=J8 New Designator=J4
Change Component Designator: Old Designator=LED10 New Designator=LED4
Change Component Designator: Old Designator=LED11 New Designator=LED5
Change Component Designator: Old Designator=R26 New Designator=R22
Change Component Designator: Old Designator=R27 New Designator=R23
Change Component Designator: Old Designator=R28 New Designator=R24
Change Component Designator: Old Designator=R29 New Designator=R25
Change Component Designator: Old Designator=R30 New Designator=R26
Change Component Designator: Old Designator=R31 New Designator=R27
Change Component Designator: Old Designator=R99 New Designator=R28
Change Component Designator: Old Designator=R100 New Designator=R29
Change Component Designator: Old Designator=R101 New Designator=R30
Change Component Designator: Old Designator=R102 New Designator=R31
Change Component Designator: Old Designator=R103 New Designator=R32
Change Component Designator: Old Designator=R104 New Designator=R33
Change Component Designator: Old Designator=R105 New Designator=R34
Change Component Designator: Old Designator=U2 New Designator=U3
Change Component Designator: Old Designator=U11 New Designator=U4
Change Component Designator: Old Designator=U12 New Designator=U5
